#
# There is insufficient memory for the Java Runtime Environment to continue.
# Native memory allocation (malloc) failed to allocate 524288 bytes for AllocateHeap
# Possible reasons:
#   The system is out of physical RAM or swap space
#   In 32 bit mode, the process size limit was hit
# Possible solutions:
#   Reduce memory load on the system
#   Increase physical memory or swap space
#   Check if swap backing store is full
#   Use 64 bit Java on a 64 bit OS
#   Decrease Java heap size (-Xmx/-Xms)
#   Decrease number of Java threads
#   Decrease Java thread stack sizes (-Xss)
#   Set larger code cache with -XX:ReservedCodeCacheSize=
# This output file may be truncated or incomplete.
#
#  Out of Memory Error (memory/allocation.inline.hpp:61), pid=18368, tid=19928
#
# JRE version: Java(TM) SE Runtime Environment (7.0_67-b01) (build 1.7.0_67-b01)
# Java VM: Java HotSpot(TM) Client VM (24.65-b04 mixed mode, sharing windows-x86 )
# Failed to write core dump. Minidumps are not enabled by default on client versions of Windows
#

---------------  T H R E A D  ---------------

Current thread (0x0b057c00):  JavaThread "Thread-641" [_thread_in_vm, id=19928, stack(0x1e7c0000,0x1e810000)]

Stack: [0x1e7c0000,0x1e810000],  sp=0x1e80f144,  free space=316k
Native frames: (J=compiled Java code, j=interpreted, Vv=VM code, C=native code)
V  [jvm.dll+0x190494]
V  [jvm.dll+0x18a2a5]
V  [jvm.dll+0xc7b9a]
C  [jsoundds.dll+0x27bd]
J 397  com.sun.media.sound.DirectAudioDevice.nWrite(J[BIIIFF)I (0 bytes) @ 0x024aaba0 [0x024aaae0+0xc0]
J 407 C1 com.sun.media.sound.DirectAudioDevice$DirectDL.write([BII)I (344 bytes) @ 0x024adbc0 [0x024ad8b0+0x310]
j  Controller.AePlayWave.run()V+231
v  ~StubRoutines::call_stub
V  [jvm.dll+0x1410fa]
V  [jvm.dll+0x20567e]
V  [jvm.dll+0x1412c5]
V  [jvm.dll+0x141327]
V  [jvm.dll+0xec6ef]
V  [jvm.dll+0x16252c]
V  [jvm.dll+0x162f87]
V  [jvm.dll+0x1a7489]
C  [msvcr100.dll+0x5c556]
C  [msvcr100.dll+0x5c600]
C  [kernel32.dll+0x1338a]
C  [ntdll.dll+0x39f72]
C  [ntdll.dll+0x39f45]

Java frames: (J=compiled Java code, j=interpreted, Vv=VM code)
J 397  com.sun.media.sound.DirectAudioDevice.nWrite(J[BIIIFF)I (0 bytes) @ 0x024aab5c [0x024aaae0+0x7c]
J 407 C1 com.sun.media.sound.DirectAudioDevice$DirectDL.write([BII)I (344 bytes) @ 0x024adbc0 [0x024ad8b0+0x310]
j  Controller.AePlayWave.run()V+231
v  ~StubRoutines::call_stub

---------------  P R O C E S S  ---------------

Java Threads: ( => current thread )
  0x3e7e5c00 JavaThread "Thread-2529" [_thread_in_native, id=21316, stack(0x7da50000,0x7daa0000)]
  0x3e7e5800 JavaThread "Thread-2528" [_thread_in_native, id=21312, stack(0x7d420000,0x7d470000)]
  0x3e7e5000 JavaThread "Thread-2527" [_thread_in_native, id=21308, stack(0x7d850000,0x7d8a0000)]
  0x3e7e4c00 JavaThread "Thread-2526" [_thread_in_native, id=21304, stack(0x7cd90000,0x7cde0000)]
  0x3e7e4400 JavaThread "Thread-2525" [_thread_in_native, id=21300, stack(0x7d760000,0x7d7b0000)]
  0x3e7e3c00 JavaThread "Thread-2524" [_thread_in_native, id=21296, stack(0x7d2b0000,0x7d300000)]
  0x3e7e3800 JavaThread "Thread-2523" [_thread_in_native, id=21292, stack(0x7d7c0000,0x7d810000)]
  0x3e7e3000 JavaThread "Thread-2522" [_thread_in_native, id=21288, stack(0x7d690000,0x7d6e0000)]
  0x3e7e2c00 JavaThread "Thread-2521" [_thread_in_native, id=21284, stack(0x7d630000,0x7d680000)]
  0x3e7e2400 JavaThread "Thread-2520" [_thread_in_native, id=21280, stack(0x7d3c0000,0x7d410000)]
  0x3e7e2000 JavaThread "Thread-2519" [_thread_in_native, id=21276, stack(0x7d470000,0x7d4c0000)]
  0x3e7e1800 JavaThread "Thread-2518" [_thread_in_native, id=21272, stack(0x7d4d0000,0x7d520000)]
  0x3e7e1000 JavaThread "Thread-2517" [_thread_in_native, id=21268, stack(0x7d260000,0x7d2b0000)]
  0x3e7e0c00 JavaThread "Thread-2516" [_thread_in_native, id=21264, stack(0x7d320000,0x7d370000)]
  0x3e7e0400 JavaThread "Thread-2515" [_thread_in_native, id=21260, stack(0x7d1f0000,0x7d240000)]
  0x3e7e0000 JavaThread "Thread-2514" [_thread_in_native, id=21256, stack(0x7c6b0000,0x7c700000)]
  0x3e7df800 JavaThread "Thread-2513" [_thread_in_native, id=21252, stack(0x7d090000,0x7d0e0000)]
  0x3e7df400 JavaThread "Thread-2512" [_thread_in_native, id=21248, stack(0x7cf90000,0x7cfe0000)]
  0x3e7dec00 JavaThread "Thread-2511" [_thread_in_native, id=21244, stack(0x7cb80000,0x7cbd0000)]
  0x3e7de400 JavaThread "Thread-2510" [_thread_in_native, id=21240, stack(0x7ce20000,0x7ce70000)]
  0x3e7de000 JavaThread "Thread-2509" [_thread_in_native, id=21236, stack(0x7ccf0000,0x7cd40000)]
  0x3e7dd800 JavaThread "Thread-2508" [_thread_in_native, id=21232, stack(0x7cc90000,0x7cce0000)]
  0x3e7dd400 JavaThread "Thread-2507" [_thread_in_native, id=21228, stack(0x7cc10000,0x7cc60000)]
  0x3e7dcc00 JavaThread "Thread-2506" [_thread_in_native, id=21224, stack(0x7caa0000,0x7caf0000)]
  0x3e7dc800 JavaThread "Thread-2505" [_thread_in_native, id=21220, stack(0x7c660000,0x7c6b0000)]
  0x3e7dc000 JavaThread "Thread-2504" [_thread_in_native, id=21216, stack(0x7c5a0000,0x7c5f0000)]
  0x3e7db800 JavaThread "Thread-2503" [_thread_in_native, id=21212, stack(0x7c860000,0x7c8b0000)]
  0x3e7db400 JavaThread "Thread-2502" [_thread_in_native, id=21208, stack(0x7c710000,0x7c760000)]
  0x3e7dac00 JavaThread "Thread-2501" [_thread_in_native, id=21204, stack(0x7bb30000,0x7bb80000)]
  0x3e7da800 JavaThread "Thread-2500" [_thread_in_native, id=21200, stack(0x7c5f0000,0x7c640000)]
  0x3e7da000 JavaThread "Thread-2499" [_thread_in_native, id=21196, stack(0x7b910000,0x7b960000)]
  0x3e7d9c00 JavaThread "Thread-2498" [_thread_in_native, id=21192, stack(0x7c3f0000,0x7c440000)]
  0x3e7d9400 JavaThread "Thread-2497" [_thread_in_native, id=21188, stack(0x7be30000,0x7be80000)]
  0x3e7d8c00 JavaThread "Thread-2496" [_thread_in_native, id=21184, stack(0x7c1f0000,0x7c240000)]
  0x3e7d8800 JavaThread "Thread-2495" [_thread_in_native, id=21180, stack(0x7bfb0000,0x7c000000)]
  0x3e7d8000 JavaThread "Thread-2494" [_thread_in_native, id=21176, stack(0x7b810000,0x7b860000)]
  0x3e7d7c00 JavaThread "Thread-2493" [_thread_in_native, id=21172, stack(0x7bea0000,0x7bef0000)]
  0x3e7d7400 JavaThread "Thread-2492" [_thread_in_native, id=21168, stack(0x7bd40000,0x7bd90000)]
  0x3e7d7000 JavaThread "Thread-2491" [_thread_in_native, id=21164, stack(0x7bcb0000,0x7bd00000)]
  0x3e7d6800 JavaThread "Thread-2490" [_thread_in_native, id=21160, stack(0x7bbf0000,0x7bc40000)]
  0x3e7d6000 JavaThread "Thread-2489" [_thread_in_native, id=21156, stack(0x7bb80000,0x7bbd0000)]
  0x3e7d5c00 JavaThread "Thread-2488" [_thread_in_native, id=21152, stack(0x7bad0000,0x7bb20000)]
  0x3e7d5400 JavaThread "Thread-2487" [_thread_in_native, id=21148, stack(0x7ba00000,0x7ba50000)]
  0x3e7d5000 JavaThread "Thread-2486" [_thread_in_native, id=21144, stack(0x7b990000,0x7b9e0000)]
  0x3e7d4800 JavaThread "Thread-2485" [_thread_in_native, id=21140, stack(0x7a710000,0x7a760000)]
  0x3e7d4400 JavaThread "Thread-2484" [_thread_in_native, id=21136, stack(0x7b860000,0x7b8b0000)]
  0x3e7d3c00 JavaThread "Thread-2483" [_thread_in_native, id=21132, stack(0x7a200000,0x7a250000)]
  0x0757e400 JavaThread "Thread-2482" [_thread_in_native, id=21128, stack(0x41e20000,0x41e70000)]
  0x3e7d3400 JavaThread "Thread-2481" [_thread_in_native, id=21124, stack(0x7a610000,0x7a660000)]
  0x3e7d3000 JavaThread "Thread-2480" [_thread_in_native, id=21120, stack(0x7a7f0000,0x7a840000)]
  0x3e7d2800 JavaThread "Thread-2479" [_thread_in_native, id=21116, stack(0x7a520000,0x7a570000)]
  0x3e7d2400 JavaThread "Thread-2478" [_thread_in_native, id=21112, stack(0x7a5b0000,0x7a600000)]
  0x3e7d1c00 JavaThread "Thread-2477" [_thread_in_native, id=21108, stack(0x7a340000,0x7a390000)]
  0x3e7d1800 JavaThread "Thread-2476" [_thread_in_native, id=21104, stack(0x7a480000,0x7a4d0000)]
  0x3e7d1000 JavaThread "Thread-2475" [_thread_in_native, id=21100, stack(0x7a3c0000,0x7a410000)]
  0x3e64fc00 JavaThread "Thread-2474" [_thread_in_native, id=21096, stack(0x7a190000,0x7a1e0000)]
  0x3e64f400 JavaThread "Thread-2473" [_thread_in_native, id=21092, stack(0x79f80000,0x79fd0000)]
  0x3e64f000 JavaThread "Thread-2472" [_thread_in_native, id=21088, stack(0x7a250000,0x7a2a0000)]
  0x3e64e800 JavaThread "Thread-2471" [_thread_in_native, id=21084, stack(0x7a050000,0x7a0a0000)]
  0x3e64e400 JavaThread "Thread-2470" [_thread_in_native, id=21080, stack(0x79fe0000,0x7a030000)]
  0x3e64dc00 JavaThread "Thread-2469" [_thread_in_native, id=21076, stack(0x79df0000,0x79e40000)]
  0x3e64d400 JavaThread "Thread-2468" [_thread_in_native, id=21072, stack(0x79e80000,0x79ed0000)]
  0x3e64d000 JavaThread "Thread-2467" [_thread_in_native, id=21068, stack(0x79c20000,0x79c70000)]
  0x3e64c800 JavaThread "Thread-2466" [_thread_in_native, id=21064, stack(0x79b40000,0x79b90000)]
  0x3e64c400 JavaThread "Thread-2465" [_thread_in_native, id=21060, stack(0x79d00000,0x79d50000)]
  0x3e64bc00 JavaThread "Thread-2464" [_thread_in_native, id=21056, stack(0x79bd0000,0x79c20000)]
  0x3e64b800 JavaThread "Thread-2463" [_thread_in_native, id=21052, stack(0x79a80000,0x79ad0000)]
  0x3e64b000 JavaThread "Thread-2462" [_thread_in_native, id=21048, stack(0x798a0000,0x798f0000)]
  0x3e64ac00 JavaThread "Thread-2461" [_thread_in_native, id=21044, stack(0x799f0000,0x79a40000)]
  0x3e64a400 JavaThread "Thread-2460" [_thread_in_native, id=21040, stack(0x79970000,0x799c0000)]
  0x3e649c00 JavaThread "Thread-2459" [_thread_in_native, id=21036, stack(0x795b0000,0x79600000)]
  0x3e649800 JavaThread "Thread-2458" [_thread_in_native, id=21032, stack(0x79330000,0x79380000)]
  0x3e649000 JavaThread "Thread-2457" [_thread_in_native, id=21028, stack(0x797c0000,0x79810000)]
  0x3e648c00 JavaThread "Thread-2456" [_thread_in_native, id=21024, stack(0x79770000,0x797c0000)]
  0x3e648400 JavaThread "Thread-2455" [_thread_in_native, id=21020, stack(0x79110000,0x79160000)]
  0x3e648000 JavaThread "Thread-2454" [_thread_in_native, id=21016, stack(0x79560000,0x795b0000)]
  0x3e647800 JavaThread "Thread-2453" [_thread_in_native, id=21012, stack(0x796f0000,0x79740000)]
  0x3e647000 JavaThread "Thread-2452" [_thread_in_native, id=21008, stack(0x79610000,0x79660000)]
  0x3e646c00 JavaThread "Thread-2451" [_thread_in_native, id=21004, stack(0x79440000,0x79490000)]
  0x3e646400 JavaThread "Thread-2450" [_thread_in_native, id=21000, stack(0x79240000,0x79290000)]
  0x3e646000 JavaThread "Thread-2449" [_thread_in_native, id=20996, stack(0x791c0000,0x79210000)]
  0x3e645800 JavaThread "Thread-2448" [_thread_in_native, id=20992, stack(0x78910000,0x78960000)]
  0x3e645400 JavaThread "Thread-2447" [_thread_in_native, id=20988, stack(0x78f20000,0x78f70000)]
  0x3e644c00 JavaThread "Thread-2446" [_thread_in_native, id=20984, stack(0x790a0000,0x790f0000)]
  0x3e644400 JavaThread "Thread-2445" [_thread_in_native, id=20980, stack(0x78fa0000,0x78ff0000)]
  0x3e644000 JavaThread "Thread-2444" [_thread_in_native, id=20976, stack(0x78e90000,0x78ee0000)]
  0x3e643800 JavaThread "Thread-2443" [_thread_in_native, id=20972, stack(0x78bb0000,0x78c00000)]
  0x3e643400 JavaThread "Thread-2442" [_thread_in_native, id=20968, stack(0x78da0000,0x78df0000)]
  0x3e642c00 JavaThread "Thread-2441" [_thread_in_native, id=20964, stack(0x78df0000,0x78e40000)]
  0x3e642800 JavaThread "Thread-2440" [_thread_in_native, id=20960, stack(0x78c40000,0x78c90000)]
  0x3e642000 JavaThread "Thread-2439" [_thread_in_native, id=20956, stack(0x78ae0000,0x78b30000)]
  0x3e641800 JavaThread "Thread-2438" [_thread_in_native, id=20952, stack(0x72a10000,0x72a60000)]
  0x3e641400 JavaThread "Thread-2437" [_thread_in_native, id=20948, stack(0x75080000,0x750d0000)]
  0x3e640c00 JavaThread "Thread-2436" [_thread_in_native, id=20944, stack(0x76670000,0x766c0000)]
  0x3e640800 JavaThread "Thread-2435" [_thread_in_native, id=20940, stack(0x78190000,0x781e0000)]
  0x3e640000 JavaThread "Thread-2434" [_thread_in_native, id=20936, stack(0x787f0000,0x78840000)]
  0x3e63fc00 JavaThread "Thread-2433" [_thread_in_native, id=20932, stack(0x74420000,0x74470000)]
  0x3e63f400 JavaThread "Thread-2432" [_thread_in_native, id=20928, stack(0x788a0000,0x788f0000)]
  0x3e63ec00 JavaThread "Thread-2431" [_thread_in_native, id=20924, stack(0x78530000,0x78580000)]
  0x3e63e800 JavaThread "Thread-2430" [_thread_in_native, id=20920, stack(0x78350000,0x783a0000)]
  0x3e63e000 JavaThread "Thread-2429" [_thread_in_native, id=20916, stack(0x783b0000,0x78400000)]
  0x3e63dc00 JavaThread "Thread-2428" [_thread_in_native, id=20912, stack(0x764a0000,0x764f0000)]
  0x3e63d400 JavaThread "Thread-2427" [_thread_in_native, id=20908, stack(0x780b0000,0x78100000)]
  0x3e63d000 JavaThread "Thread-2426" [_thread_in_native, id=20904, stack(0x749e0000,0x74a30000)]
  0x3e63c800 JavaThread "Thread-2425" [_thread_in_native, id=20900, stack(0x744e0000,0x74530000)]
  0x3e63c000 JavaThread "Thread-2424" [_thread_in_native, id=20896, stack(0x75f00000,0x75f50000)]
  0x3e63bc00 JavaThread "Thread-2423" [_thread_in_native, id=20892, stack(0x74970000,0x749c0000)]
  0x3e63b400 JavaThread "Thread-2422" [_thread_in_native, id=20888, stack(0x74880000,0x748d0000)]
  0x3e63b000 JavaThread "Thread-2421" [_thread_in_native, id=20884, stack(0x748e0000,0x74930000)]
  0x3e63a800 JavaThread "Thread-2420" [_thread_in_native, id=20880, stack(0x745f0000,0x74640000)]
  0x3e63a400 JavaThread "Thread-2419" [_thread_in_native, id=20876, stack(0x73bc0000,0x73c10000)]
  0x3e639c00 JavaThread "Thread-2418" [_thread_in_native, id=20872, stack(0x73a00000,0x73a50000)]
  0x3e639400 JavaThread "Thread-2417" [_thread_in_native, id=20868, stack(0x74140000,0x74190000)]
  0x3e639000 JavaThread "Thread-2416" [_thread_in_native, id=20864, stack(0x739a0000,0x739f0000)]
  0x3e638800 JavaThread "Thread-2415" [_thread_in_native, id=20860, stack(0x73d20000,0x73d70000)]
  0x3e638400 JavaThread "Thread-2414" [_thread_in_native, id=20856, stack(0x731e0000,0x73230000)]
  0x3e637c00 JavaThread "Thread-2413" [_thread_in_native, id=20852, stack(0x73b30000,0x73b80000)]
  0x3e637800 JavaThread "Thread-2412" [_thread_in_native, id=20848, stack(0x73420000,0x73470000)]
  0x3e637000 JavaThread "Thread-2411" [_thread_in_native, id=20844, stack(0x72520000,0x72570000)]
  0x3e636800 JavaThread "Thread-2410" [_thread_in_native, id=20840, stack(0x72ed0000,0x72f20000)]
  0x3e636400 JavaThread "Thread-2409" [_thread_in_native, id=20836, stack(0x73010000,0x73060000)]
  0x3e635c00 JavaThread "Thread-2408" [_thread_in_native, id=20832, stack(0x730b0000,0x73100000)]
  0x3e635800 JavaThread "Thread-2407" [_thread_in_native, id=20828, stack(0x72e30000,0x72e80000)]
  0x3e635000 JavaThread "Thread-2406" [_thread_in_native, id=20824, stack(0x726b0000,0x72700000)]
  0x3e634c00 JavaThread "Thread-2405" [_thread_in_native, id=20820, stack(0x71470000,0x714c0000)]
  0x3e634400 JavaThread "Thread-2404" [_thread_in_native, id=20816, stack(0x72c30000,0x72c80000)]
  0x3e633c00 JavaThread "Thread-2403" [_thread_in_native, id=20812, stack(0x729c0000,0x72a10000)]
  0x3e633800 JavaThread "Thread-2402" [_thread_in_native, id=20808, stack(0x64d20000,0x64d70000)]
  0x3e633000 JavaThread "Thread-2401" [_thread_in_native, id=20804, stack(0x6b420000,0x6b470000)]
  0x3e632c00 JavaThread "Thread-2400" [_thread_in_native, id=20800, stack(0x71f40000,0x71f90000)]
  0x3e632400 JavaThread "Thread-2399" [_thread_in_native, id=20796, stack(0x724d0000,0x72520000)]
  0x3e632000 JavaThread "Thread-2398" [_thread_in_native, id=20792, stack(0x71bb0000,0x71c00000)]
  0x3e631800 JavaThread "Thread-2397" [_thread_in_native, id=20788, stack(0x71f90000,0x71fe0000)]
  0x3e631000 JavaThread "Thread-2396" [_thread_in_native, id=20784, stack(0x71e40000,0x71e90000)]
  0x3e630c00 JavaThread "Thread-2395" [_thread_in_native, id=20780, stack(0x71dc0000,0x71e10000)]
  0x3e630400 JavaThread "Thread-2394" [_thread_in_native, id=20776, stack(0x71620000,0x71670000)]
  0x3e630000 JavaThread "Thread-2393" [_thread_in_native, id=20772, stack(0x6df60000,0x6dfb0000)]
  0x3e62f800 JavaThread "Thread-2392" [_thread_in_native, id=20768, stack(0x71d50000,0x71da0000)]
  0x3e62f400 JavaThread "Thread-2391" [_thread_in_native, id=20764, stack(0x71b50000,0x71ba0000)]
  0x3e62ec00 JavaThread "Thread-2390" [_thread_in_native, id=20760, stack(0x71760000,0x717b0000)]
  0x3e62e400 JavaThread "Thread-2389" [_thread_in_native, id=20756, stack(0x717b0000,0x71800000)]
  0x3e62e000 JavaThread "Thread-2388" [_thread_in_native, id=20752, stack(0x71390000,0x713e0000)]
  0x3e62d800 JavaThread "Thread-2387" [_thread_in_native, id=20748, stack(0x78cb0000,0x78d00000)]
  0x3e62d400 JavaThread "Thread-2386" [_thread_in_native, id=20744, stack(0x78d20000,0x78d70000)]
  0x3e62cc00 JavaThread "Thread-2385" [_thread_in_native, id=20740, stack(0x78b60000,0x78bb0000)]
  0x3e62c800 JavaThread "Thread-2384" [_thread_in_native, id=20736, stack(0x789f0000,0x78a40000)]
  0x3e62c000 JavaThread "Thread-2383" [_thread_in_native, id=20732, stack(0x78770000,0x787c0000)]
  0x3e62b800 JavaThread "Thread-2382" [_thread_in_native, id=20728, stack(0x78680000,0x786d0000)]
  0x3e62b400 JavaThread "Thread-2381" [_thread_in_native, id=20724, stack(0x78600000,0x78650000)]
  0x3e62ac00 JavaThread "Thread-2380" [_thread_in_native, id=20720, stack(0x78420000,0x78470000)]
  0x3e62a800 JavaThread "Thread-2379" [_thread_in_native, id=20716, stack(0x77700000,0x77750000)]
  0x3e62a000 JavaThread "Thread-2378" [_thread_in_native, id=20712, stack(0x77ef0000,0x77f40000)]
  0x3e629c00 JavaThread "Thread-2377" [_thread_in_native, id=20708, stack(0x78000000,0x78050000)]
  0x3e629400 JavaThread "Thread-2376" [_thread_in_native, id=20704, stack(0x72f30000,0x72f80000)]
  0x3e628c00 JavaThread "Thread-2375" [_thread_in_native, id=20700, stack(0x71850000,0x718a0000)]
  0x3e628800 JavaThread "Thread-2374" [_thread_in_native, id=20696, stack(0x6b830000,0x6b880000)]
  0x3e628000 JavaThread "Thread-2373" [_thread_in_native, id=20692, stack(0x77f40000,0x77f90000)]
  0x3e627c00 JavaThread "Thread-2372" [_thread_in_native, id=20688, stack(0x76330000,0x76380000)]
  0x3e627400 JavaThread "Thread-2371" [_thread_in_native, id=20684, stack(0x71c50000,0x71ca0000)]
  0x3e627000 JavaThread "Thread-2370" [_thread_in_native, id=20680, stack(0x763d0000,0x76420000)]
  0x3e626800 JavaThread "Thread-2369" [_thread_in_native, id=20676, stack(0x74e70000,0x74ec0000)]
  0x3e626000 JavaThread "Thread-2368" [_thread_in_native, id=20672, stack(0x756c0000,0x75710000)]
  0x3e625c00 JavaThread "Thread-2367" [_thread_in_native, id=20668, stack(0x75a80000,0x75ad0000)]
  0x3e625400 JavaThread "Thread-2366" [_thread_in_native, id=20664, stack(0x758e0000,0x75930000)]
  0x3e625000 JavaThread "Thread-2365" [_thread_in_native, id=20660, stack(0x75890000,0x758e0000)]
  0x3e624800 JavaThread "Thread-2364" [_thread_in_native, id=20656, stack(0x75830000,0x75880000)]
  0x3e624400 JavaThread "Thread-2363" [_thread_in_native, id=20652, stack(0x75560000,0x755b0000)]
  0x3e623c00 JavaThread "Thread-2362" [_thread_in_native, id=20648, stack(0x755e0000,0x75630000)]
  0x3e623400 JavaThread "Thread-2361" [_thread_in_native, id=20644, stack(0x752b0000,0x75300000)]
  0x3e623000 JavaThread "Thread-2360" [_thread_in_native, id=20640, stack(0x754d0000,0x75520000)]
  0x3e622800 JavaThread "Thread-2359" [_thread_in_native, id=20636, stack(0x75200000,0x75250000)]
  0x3e622400 JavaThread "Thread-2358" [_thread_in_native, id=20632, stack(0x75260000,0x752b0000)]
  0x3e621c00 JavaThread "Thread-2357" [_thread_in_native, id=20628, stack(0x74370000,0x743c0000)]
  0x3e621800 JavaThread "Thread-2356" [_thread_in_native, id=20624, stack(0x74d00000,0x74d50000)]
  0x3e621000 JavaThread "Thread-2355" [_thread_in_native, id=20620, stack(0x75100000,0x75150000)]
  0x3e620800 JavaThread "Thread-2354" [_thread_in_native, id=20616, stack(0x74d80000,0x74dd0000)]
  0x3e620400 JavaThread "Thread-2353" [_thread_in_native, id=20612, stack(0x74c00000,0x74c50000)]
  0x3e61fc00 JavaThread "Thread-2352" [_thread_in_native, id=20608, stack(0x74c80000,0x74cd0000)]
  0x3e61f800 JavaThread "Thread-2351" [_thread_in_native, id=20604, stack(0x73130000,0x73180000)]
  0x3e61f000 JavaThread "Thread-2350" [_thread_in_native, id=20600, stack(0x747f0000,0x74840000)]
  0x3e61ec00 JavaThread "Thread-2349" [_thread_in_native, id=20596, stack(0x746d0000,0x74720000)]
  0x3e61e400 JavaThread "Thread-2348" [_thread_in_native, id=20592, stack(0x74220000,0x74270000)]
  0x3e61dc00 JavaThread "Thread-2347" [_thread_in_native, id=20588, stack(0x742a0000,0x742f0000)]
  0x3e61d800 JavaThread "Thread-2346" [_thread_in_native, id=20584, stack(0x741d0000,0x74220000)]
  0x3e61d000 JavaThread "Thread-2345" [_thread_in_native, id=20580, stack(0x71ea0000,0x71ef0000)]
  0x3e61cc00 JavaThread "Thread-2344" [_thread_in_native, id=20576, stack(0x72d10000,0x72d60000)]
  0x3e61c400 JavaThread "Thread-2343" [_thread_in_native, id=20572, stack(0x727e0000,0x72830000)]
  0x3e61c000 JavaThread "Thread-2342" [_thread_in_native, id=20568, stack(0x72a60000,0x72ab0000)]
  0x3e61b800 JavaThread "Thread-2341" [_thread_in_native, id=20564, stack(0x72580000,0x725d0000)]
  0x3e61b000 JavaThread "Thread-2340" [_thread_in_native, id=20560, stack(0x72600000,0x72650000)]
  0x3e61ac00 JavaThread "Thread-2339" [_thread_in_native, id=20556, stack(0x721e0000,0x72230000)]
  0x3e61a400 JavaThread "Thread-2338" [_thread_in_native, id=20552, stack(0x6b8e0000,0x6b930000)]
  0x3e61a000 JavaThread "Thread-2337" [_thread_in_native, id=20548, stack(0x71ca0000,0x71cf0000)]
  0x3e619800 JavaThread "Thread-2336" [_thread_in_native, id=20544, stack(0x712b0000,0x71300000)]
  0x3e619400 JavaThread "Thread-2335" [_thread_in_native, id=20540, stack(0x71230000,0x71280000)]
  0x3e618c00 JavaThread "Thread-2334" [_thread_in_native, id=20536, stack(0x6baa0000,0x6baf0000)]
  0x3e618800 JavaThread "Thread-2333" [_thread_in_native, id=20532, stack(0x6b690000,0x6b6e0000)]
  0x3e618000 JavaThread "Thread-2332" [_thread_in_native, id=20528, stack(0x6b5e0000,0x6b630000)]
  0x3e617800 JavaThread "Thread-2331" [_thread_in_native, id=20524, stack(0x6b560000,0x6b5b0000)]
  0x3e617400 JavaThread "Thread-2330" [_thread_in_native, id=20520, stack(0x6b4b0000,0x6b500000)]
  0x3e616c00 JavaThread "Thread-2329" [_thread_in_native, id=20516, stack(0x6b330000,0x6b380000)]
  0x3e616800 JavaThread "Thread-2328" [_thread_in_native, id=20512, stack(0x69720000,0x69770000)]
  0x3e616000 JavaThread "Thread-2327" [_thread_in_native, id=20508, stack(0x69140000,0x69190000)]
  0x3e615c00 JavaThread "Thread-2326" [_thread_in_native, id=20504, stack(0x65260000,0x652b0000)]
  0x3e615400 JavaThread "Thread-2325" [_thread_in_native, id=20500, stack(0x73f90000,0x73fe0000)]
  0x3e614c00 JavaThread "Thread-2324" [_thread_in_native, id=20496, stack(0x74020000,0x74070000)]
  0x3e614800 JavaThread "Thread-2323" [_thread_in_native, id=20492, stack(0x73e20000,0x73e70000)]
  0x3e614000 JavaThread "Thread-2322" [_thread_in_native, id=20488, stack(0x73720000,0x73770000)]
  0x3e613c00 JavaThread "Thread-2321" [_thread_in_native, id=20484, stack(0x73f20000,0x73f70000)]
  0x3e613400 JavaThread "Thread-2320" [_thread_in_native, id=19632, stack(0x73dd0000,0x73e20000)]
  0x3e613000 JavaThread "Thread-2319" [_thread_in_native, id=9116, stack(0x73c30000,0x73c80000)]
  0x3e612800 JavaThread "Thread-2318" [_thread_in_native, id=12160, stack(0x734f0000,0x73540000)]
  0x3e612000 JavaThread "Thread-2317" [_thread_in_native, id=12812, stack(0x73ac0000,0x73b10000)]
  0x3e611c00 JavaThread "Thread-2316" [_thread_in_native, id=12272, stack(0x73900000,0x73950000)]
  0x3e611400 JavaThread "Thread-2315" [_thread_in_native, id=14444, stack(0x73a50000,0x73aa0000)]
  0x3e611000 JavaThread "Thread-2314" [_thread_in_native, id=17952, stack(0x73950000,0x739a0000)]
  0x3e610800 JavaThread "Thread-2313" [_thread_in_native, id=18468, stack(0x736d0000,0x73720000)]
  0x3e610400 JavaThread "Thread-2312" [_thread_in_native, id=17960, stack(0x73680000,0x736d0000)]
  0x3ef7e400 JavaThread "Thread-2311" [_thread_in_native, id=17956, stack(0x72b90000,0x72be0000)]
  0x3ef7e000 JavaThread "Thread-2310" [_thread_in_native, id=17964, stack(0x735f0000,0x73640000)]
  0x3ef7d800 JavaThread "Thread-2309" [_thread_in_native, id=17968, stack(0x73180000,0x731d0000)]
  0x3ef7d400 JavaThread "Thread-2308" [_thread_in_native, id=17972, stack(0x72730000,0x72780000)]
  0x3ef7cc00 JavaThread "Thread-2307" [_thread_in_native, id=18472, stack(0x72be0000,0x72c30000)]
  0x3ef7c400 JavaThread "Thread-2306" [_thread_in_native, id=17980, stack(0x72790000,0x727e0000)]
  0x3ef7c000 JavaThread "Thread-2305" [_thread_in_native, id=10532, stack(0x72650000,0x726a0000)]
  0x3ef7b800 JavaThread "Thread-2304" [_thread_in_native, id=17976, stack(0x723a0000,0x723f0000)]
  0x3ef7b400 JavaThread "Thread-2303" [_thread_in_native, id=17996, stack(0x72270000,0x722c0000)]
  0x3ef7ac00 JavaThread "Thread-2302" [_thread_in_native, id=18004, stack(0x722f0000,0x72340000)]
  0x3ef7a800 JavaThread "Thread-2301" [_thread_in_native, id=17984, stack(0x72050000,0x720a0000)]
  0x3ef7a000 JavaThread "Thread-2300" [_thread_in_native, id=18012, stack(0x720d0000,0x72120000)]
  0x3ef79800 JavaThread "Thread-2299" [_thread_in_native, id=18076, stack(0x71c00000,0x71c50000)]
  0x3ef79400 JavaThread "Thread-2298" [_thread_in_native, id=18136, stack(0x71a60000,0x71ab0000)]
  0x3ef78c00 JavaThread "Thread-2297" [_thread_in_native, id=18036, stack(0x71950000,0x719a0000)]
  0x3ef78800 JavaThread "Thread-2296" [_thread_in_native, id=18028, stack(0x719e0000,0x71a30000)]
  0x3ef78000 JavaThread "Thread-2295" [_thread_in_native, id=18100, stack(0x71590000,0x715e0000)]
  0x3ef77c00 JavaThread "Thread-2294" [_thread_in_native, id=18484, stack(0x70fc0000,0x71010000)]
  0x3ef77400 JavaThread "Thread-2293" [_thread_in_native, id=18164, stack(0x70db0000,0x70e00000)]
  0x3ef76c00 JavaThread "Thread-2292" [_thread_in_native, id=18020, stack(0x710b0000,0x71100000)]
  0x3ef76800 JavaThread "Thread-2291" [_thread_in_native, id=18032, stack(0x70f70000,0x70fc0000)]
  0x3ef76000 JavaThread "Thread-2290" [_thread_in_native, id=18044, stack(0x70ec0000,0x70f10000)]
  0x3ef75c00 JavaThread "Thread-2289" [_thread_in_native, id=18124, stack(0x70b40000,0x70b90000)]
  0x3ef75400 JavaThread "Thread-2288" [_thread_in_native, id=18068, stack(0x70cd0000,0x70d20000)]
  0x3ef75000 JavaThread "Thread-2287" [_thread_in_native, id=18040, stack(0x70d50000,0x70da0000)]
  0x3ef74800 JavaThread "Thread-2286" [_thread_in_native, id=18476, stack(0x70bd0000,0x70c20000)]
  0x3ef74000 JavaThread "Thread-2285" [_thread_in_native, id=18112, stack(0x70580000,0x705d0000)]
  0x3ef73c00 JavaThread "Thread-2284" [_thread_in_native, id=18096, stack(0x708b0000,0x70900000)]
  0x3ef73400 JavaThread "Thread-2283" [_thread_in_native, id=17988, stack(0x706a0000,0x706f0000)]
  0x3ef73000 JavaThread "Thread-2282" [_thread_in_native, id=18280, stack(0x709d0000,0x70a20000)]
  0x3ef72800 JavaThread "Thread-2281" [_thread_in_native, id=18000, stack(0x707c0000,0x70810000)]
  0x3ef72400 JavaThread "Thread-2280" [_thread_in_native, id=18024, stack(0x70750000,0x707a0000)]
  0x3ef71c00 JavaThread "Thread-2279" [_thread_in_native, id=17992, stack(0x70700000,0x70750000)]
  0x3ef71400 JavaThread "Thread-2278" [_thread_in_native, id=18180, stack(0x70520000,0x70570000)]
  0x3ef71000 JavaThread "Thread-2277" [_thread_in_native, id=18008, stack(0x70440000,0x70490000)]
  0x3ef70800 JavaThread "Thread-2276" [_thread_in_native, id=18056, stack(0x70370000,0x703c0000)]
  0x3ef70400 JavaThread "Thread-2275" [_thread_in_native, id=18052, stack(0x70260000,0x702b0000)]
  0x3ef6fc00 JavaThread "Thread-2274" [_thread_in_native, id=18492, stack(0x703d0000,0x70420000)]
  0x3ef6f800 JavaThread "Thread-2273" [_thread_in_native, id=18016, stack(0x700b0000,0x70100000)]
  0x3ef6f000 JavaThread "Thread-2272" [_thread_in_native, id=18116, stack(0x701c0000,0x70210000)]
  0x3ef6e800 JavaThread "Thread-2271" [_thread_in_native, id=18120, stack(0x70000000,0x70050000)]
  0x3ef6e400 JavaThread "Thread-2270" [_thread_in_native, id=18048, stack(0x70150000,0x701a0000)]
  0x3ef6dc00 JavaThread "Thread-2269" [_thread_in_native, id=18108, stack(0x6fd80000,0x6fdd0000)]
  0x3ef6d800 JavaThread "Thread-2268" [_thread_in_native, id=18996, stack(0x70100000,0x70150000)]
  0x3ef6d000 JavaThread "Thread-2267" [_thread_in_native, id=18188, stack(0x6ff40000,0x6ff90000)]
  0x3ef6cc00 JavaThread "Thread-2266" [_thread_in_native, id=18300, stack(0x6fec0000,0x6ff10000)]
  0x3ef6c400 JavaThread "Thread-2265" [_thread_in_native, id=18156, stack(0x6fd00000,0x6fd50000)]
  0x3ef6c000 JavaThread "Thread-2264" [_thread_in_native, id=18072, stack(0x6fdf0000,0x6fe40000)]
  0x3ef6b800 JavaThread "Thread-2263" [_thread_in_native, id=18060, stack(0x6f790000,0x6f7e0000)]
  0x3ef6b000 JavaThread "Thread-2262" [_thread_in_native, id=18176, stack(0x6fc50000,0x6fca0000)]
  0x3ef6ac00 JavaThread "Thread-2261" [_thread_in_native, id=19016, stack(0x6fa80000,0x6fad0000)]
  0x3ef6a400 JavaThread "Thread-2260" [_thread_in_native, id=18168, stack(0x6fbe0000,0x6fc30000)]
  0x3ef6a000 JavaThread "Thread-2259" [_thread_in_native, id=18152, stack(0x6f740000,0x6f790000)]
  0x3ef69800 JavaThread "Thread-2258" [_thread_in_native, id=18228, stack(0x6fae0000,0x6fb30000)]
  0x3ef69400 JavaThread "Thread-2257" [_thread_in_native, id=18192, stack(0x6f990000,0x6f9e0000)]
  0x3ef68c00 JavaThread "Thread-2256" [_thread_in_native, id=18580, stack(0x6f850000,0x6f8a0000)]
  0x3ef68400 JavaThread "Thread-2255" [_thread_in_native, id=18500, stack(0x6f7f0000,0x6f840000)]
  0x3ef68000 JavaThread "Thread-2254" [_thread_in_native, id=18104, stack(0x6e3a0000,0x6e3f0000)]
  0x3ef67800 JavaThread "Thread-2253" [_thread_in_native, id=18584, stack(0x6f230000,0x6f280000)]
  0x3ef67400 JavaThread "Thread-2252" [_thread_blocked, id=18132, stack(0x6f030000,0x6f080000)]
  0x3ef66c00 JavaThread "Thread-2251" [_thread_blocked, id=18480, stack(0x6e5c0000,0x6e610000)]
  0x3ef66800 JavaThread "Thread-2250" [_thread_in_native, id=18092, stack(0x6f0e0000,0x6f130000)]
  0x3ef66000 JavaThread "Thread-2249" [_thread_in_native, id=18080, stack(0x6eb10000,0x6eb60000)]
  0x3ef65800 JavaThread "Thread-2248" [_thread_in_native, id=18140, stack(0x6eb60000,0x6ebb0000)]
  0x3ef65400 JavaThread "Thread-2247" [_thread_blocked, id=18488, stack(0x6e780000,0x6e7d0000)]
  0x3ef64c00 JavaThread "Thread-2246" [_thread_in_native, id=18496, stack(0x6e350000,0x6e3a0000)]
  0x3ef64800 JavaThread "Thread-2245" [_thread_blocked, id=18508, stack(0x6e6f0000,0x6e740000)]
  0x3ef64000 JavaThread "Thread-2244" [_thread_blocked, id=18548, stack(0x69ef0000,0x69f40000)]
  0x3ef63c00 JavaThread "Thread-2243" [_thread_blocked, id=18528, stack(0x6dfe0000,0x6e030000)]
  0x3ef63400 JavaThread "Thread-2242" [_thread_in_native, id=18960, stack(0x6de70000,0x6dec0000)]
  0x3ef62c00 JavaThread "Thread-2241" [_thread_blocked, id=18184, stack(0x6c840000,0x6c890000)]
  0x3ef62800 JavaThread "Thread-2240" [_thread_blocked, id=18552, stack(0x69c80000,0x69cd0000)]
  0x3ef62000 JavaThread "Thread-2239" [_thread_blocked, id=18284, stack(0x6b0f0000,0x6b140000)]
  0x3ef61c00 JavaThread "Thread-2238" [_thread_in_native, id=18268, stack(0x69ea0000,0x69ef0000)]
  0x3ef61400 JavaThread "Thread-2237" [_thread_blocked, id=18296, stack(0x68f70000,0x68fc0000)]
  0x3ef61000 JavaThread "Thread-2236" [_thread_blocked, id=18932, stack(0x68680000,0x686d0000)]
  0x3ef60800 JavaThread "Thread-2235" [_thread_blocked, id=18204, stack(0x67730000,0x67780000)]
  0x3ef60000 JavaThread "Thread-2234" [_thread_in_native, id=18224, stack(0x6a660000,0x6a6b0000)]
  0x3ef5fc00 JavaThread "Thread-2233" [_thread_blocked, id=18236, stack(0x6f650000,0x6f6a0000)]
  0x3ef5f400 JavaThread "Thread-2232" [_thread_blocked, id=18776, stack(0x6f6e0000,0x6f730000)]
  0x3ef5f000 JavaThread "Thread-2231" [_thread_blocked, id=18556, stack(0x6f5e0000,0x6f630000)]
  0x3ef5e800 JavaThread "Thread-2230" [_thread_in_native, id=18760, stack(0x6f290000,0x6f2e0000)]
  0x3ef5e400 JavaThread "Thread-2229" [_thread_blocked, id=18144, stack(0x6f530000,0x6f580000)]
  0x3ef5dc00 JavaThread "Thread-2228" [_thread_blocked, id=18732, stack(0x6f4e0000,0x6f530000)]
  0x3ef5d400 JavaThread "Thread-2227" [_thread_in_native, id=18612, stack(0x6f3b0000,0x6f400000)]
  0x3ef5d000 JavaThread "Thread-2226" [_thread_in_native, id=18212, stack(0x6efe0000,0x6f030000)]
  0x3ef5c800 JavaThread "Thread-2225" [_thread_blocked, id=18220, stack(0x6ec60000,0x6ecb0000)]
  0x3ef5c400 JavaThread "Thread-2224" [_thread_blocked, id=18200, stack(0x6f090000,0x6f0e0000)]
  0x3ef5bc00 JavaThread "Thread-2223" [_thread_in_native, id=18216, stack(0x6ed30000,0x6ed80000)]
  0x3ef5b800 JavaThread "Thread-2222" [_thread_blocked, id=18324, stack(0x6ef50000,0x6efa0000)]
  0x3ef5b000 JavaThread "Thread-2221" [_thread_blocked, id=18812, stack(0x6e030000,0x6e080000)]
  0x3ef5a800 JavaThread "Thread-2220" [_thread_blocked, id=18524, stack(0x6edd0000,0x6ee20000)]
  0x3ef5a400 JavaThread "Thread-2219" [_thread_blocked, id=18596, stack(0x6ec00000,0x6ec50000)]
  0x3ef59c00 JavaThread "Thread-2218" [_thread_blocked, id=18208, stack(0x6e4c0000,0x6e510000)]
  0x3ef59800 JavaThread "Thread-2217" [_thread_blocked, id=18892, stack(0x6ea80000,0x6ead0000)]
  0x3ef59000 JavaThread "Thread-2216" [_thread_blocked, id=18540, stack(0x6e910000,0x6e960000)]
  0x3ef58c00 JavaThread "Thread-2215" [_thread_blocked, id=18876, stack(0x6e670000,0x6e6c0000)]
  0x3ef58400 JavaThread "Thread-2214" [_thread_blocked, id=18768, stack(0x6e3f0000,0x6e440000)]
  0x3ef57c00 JavaThread "Thread-2213" [_thread_in_native, id=18772, stack(0x6e470000,0x6e4c0000)]
  0x3ef57800 JavaThread "Thread-2212" [_thread_in_native, id=18712, stack(0x6e080000,0x6e0d0000)]
  0x3ef57000 JavaThread "Thread-2211" [_thread_in_native, id=18924, stack(0x6e2c0000,0x6e310000)]
  0x3ef56c00 JavaThread "Thread-2210" [_thread_blocked, id=18956, stack(0x6e110000,0x6e160000)]
  0x3ef56400 JavaThread "Thread-2209" [_thread_in_native, id=18908, stack(0x6dd40000,0x6dd90000)]
  0x3ef56000 JavaThread "Thread-2208" [_thread_in_native, id=18940, stack(0x6de00000,0x6de50000)]
  0x3ef55800 JavaThread "Thread-2207" [_thread_in_native, id=18128, stack(0x6da60000,0x6dab0000)]
  0x3ef55000 JavaThread "Thread-2206" [_thread_blocked, id=18648, stack(0x6dc20000,0x6dc70000)]
  0x3ef54c00 JavaThread "Thread-2205" [_thread_in_native, id=18816, stack(0x6dcb0000,0x6dd00000)]
  0x3ef54400 JavaThread "Thread-2204" [_thread_blocked, id=18572, stack(0x6db80000,0x6dbd0000)]
  0x3ef54000 JavaThread "Thread-2203" [_thread_in_native, id=18868, stack(0x6d9b0000,0x6da00000)]
  0x3ef53800 JavaThread "Thread-2202" [_thread_blocked, id=18976, stack(0x6db30000,0x6db80000)]
  0x3ef53400 JavaThread "Thread-2201" [_thread_in_native, id=18292, stack(0x6d950000,0x6d9a0000)]
  0x3ef52c00 JavaThread "Thread-2200" [_thread_in_vm, id=18320, stack(0x6d8d0000,0x6d920000)]
  0x3ef52400 JavaThread "Thread-2199" [_thread_in_native, id=18848, stack(0x6d7c0000,0x6d810000)]
  0x3ef52000 JavaThread "Thread-2198" [_thread_blocked, id=18172, stack(0x6d730000,0x6d780000)]
  0x3ef51800 JavaThread "Thread-2197" [_thread_in_native, id=18664, stack(0x6d6b0000,0x6d700000)]
  0x3ef51400 JavaThread "Thread-2196" [_thread_blocked, id=18288, stack(0x6d420000,0x6d470000)]
  0x3ef50c00 JavaThread "Thread-2195" [_thread_in_native, id=18920, stack(0x6d470000,0x6d4c0000)]
  0x3ef50800 JavaThread "Thread-2194" [_thread_blocked, id=18952, stack(0x6caf0000,0x6cb40000)]
  0x3ef50000 JavaThread "Thread-2193" [_thread_in_native, id=18800, stack(0x6d250000,0x6d2a0000)]
  0x3ef4f800 JavaThread "Thread-2192" [_thread_blocked, id=18916, stack(0x6cd60000,0x6cdb0000)]
  0x3ef4f400 JavaThread "Thread-2191" [_thread_in_native, id=18676, stack(0x6ce90000,0x6cee0000)]
  0x3ef4ec00 JavaThread "Thread-2190" [_thread_blocked, id=18788, stack(0x6c970000,0x6c9c0000)]
  0x3ef4e800 JavaThread "Thread-2189" [_thread_in_native, id=18644, stack(0x6cde0000,0x6ce30000)]
  0x3ef4e000 JavaThread "Thread-2188" [_thread_blocked, id=18808, stack(0x6c130000,0x6c180000)]
  0x3ef4dc00 JavaThread "Thread-2187" [_thread_blocked, id=18840, stack(0x6c9f0000,0x6ca40000)]
  0x3ef4d400 JavaThread "Thread-2186" [_thread_blocked, id=18688, stack(0x6c7d0000,0x6c820000)]
  0x3ef4cc00 JavaThread "Thread-2185" [_thread_in_native, id=18944, stack(0x6c450000,0x6c4a0000)]
  0x3ef4c800 JavaThread "Thread-2184" [_thread_blocked, id=18536, stack(0x6c780000,0x6c7d0000)]
  0x3ef4c000 JavaThread "Thread-2183" [_thread_in_native, id=18716, stack(0x6c5a0000,0x6c5f0000)]
  0x3ef4bc00 JavaThread "Thread-2182" [_thread_blocked, id=18836, stack(0x6c530000,0x6c580000)]
  0x3ef4b400 JavaThread "Thread-2181" [_thread_in_native, id=18660, stack(0x6c680000,0x6c6d0000)]
  0x3ef4b000 JavaThread "Thread-2180" [_thread_blocked, id=18992, stack(0x6c630000,0x6c680000)]
  0x3ef4a800 JavaThread "Thread-2179" [_thread_in_native, id=18744, stack(0x6c240000,0x6c290000)]
  0x3ef4a000 JavaThread "Thread-2178" [_thread_blocked, id=18872, stack(0x68c90000,0x68ce0000)]
  0x3ef49c00 JavaThread "Thread-2177" [_thread_in_native, id=18632, stack(0x6c400000,0x6c450000)]
  0x3ef49400 JavaThread "Thread-2176" [_thread_blocked, id=18696, stack(0x6c070000,0x6c0c0000)]
  0x3ef49000 JavaThread "Thread-2175" [_thread_in_native, id=18972, stack(0x6c1f0000,0x6c240000)]
  0x3ef48800 JavaThread "Thread-2174" [_thread_blocked, id=18532, stack(0x6c2a0000,0x6c2f0000)]
  0x3ef48400 JavaThread "Thread-2173" [_thread_in_native, id=18964, stack(0x6c0e0000,0x6c130000)]
  0x3ef47c00 JavaThread "Thread-2172" [_thread_in_native, id=18748, stack(0x6bff0000,0x6c040000)]
  0x3ef47400 JavaThread "Thread-2171" [_thread_in_native, id=18544, stack(0x6bdd0000,0x6be20000)]
  0x3ef47000 JavaThread "Thread-2170" [_thread_blocked, id=18988, stack(0x6bc40000,0x6bc90000)]
  0x3ef46800 JavaThread "Thread-2169" [_thread_in_native, id=18896, stack(0x6bf80000,0x6bfd0000)]
  0x3ef46400 JavaThread "Thread-2168" [_thread_in_native, id=18680, stack(0x6bf10000,0x6bf60000)]
  0x3ef45c00 JavaThread "Thread-2167" [_thread_in_native, id=18652, stack(0x6bcb0000,0x6bd00000)]
  0x3ef45800 JavaThread "Thread-2166" [_thread_blocked, id=18308, stack(0x6be20000,0x6be70000)]
  0x3ef45000 JavaThread "Thread-2165" [_thread_in_native, id=18248, stack(0x6bd10000,0x6bd60000)]
  0x3ef44800 JavaThread "Thread-2164" [_thread_blocked, id=18576, stack(0x6bb30000,0x6bb80000)]
  0x3ef44400 JavaThread "Thread-2163" [_thread_in_native, id=18864, stack(0x6bbc0000,0x6bc10000)]
  0x3ef43c00 JavaThread "Thread-2162" [_thread_in_native, id=18912, stack(0x6b970000,0x6b9c0000)]
  0x3ef43800 JavaThread "Thread-2161" [_thread_in_native, id=18880, stack(0x69660000,0x696b0000)]
  0x3ef43000 JavaThread "Thread-2160" [_thread_in_native, id=18832, stack(0x6ba20000,0x6ba70000)]
  0x3ef42c00 JavaThread "Thread-2159" [_thread_blocked, id=18624, stack(0x69350000,0x693a0000)]
  0x3ef42400 JavaThread "Thread-2158" [_thread_in_native, id=18672, stack(0x68e30000,0x68e80000)]
  0x3ef41c00 JavaThread "Thread-2157" [_thread_in_native, id=18928, stack(0x65210000,0x65260000)]
  0x3ef41800 JavaThread "Thread-2156" [_thread_in_native, id=18276, stack(0x65770000,0x657c0000)]
  0x3ef41000 JavaThread "Thread-2155" [_thread_in_native, id=18708, stack(0x6aab0000,0x6ab00000)]
  0x3ef40c00 JavaThread "Thread-2154" [_thread_in_native, id=18504, stack(0x6b2a0000,0x6b2f0000)]
  0x3ef40400 JavaThread "Thread-2153" [_thread_in_native, id=18820, stack(0x6b210000,0x6b260000)]
  0x3ef40000 JavaThread "Thread-2152" [_thread_in_native, id=18628, stack(0x6b1a0000,0x6b1f0000)]
  0x3ef3f800 JavaThread "Thread-2151" [_thread_in_native, id=18948, stack(0x6b140000,0x6b190000)]
  0x3ef3f000 JavaThread "Thread-2150" [_thread_blocked, id=18692, stack(0x6ac00000,0x6ac50000)]
  0x3ef3ec00 JavaThread "Thread-2149" [_thread_in_native, id=18804, stack(0x6abb0000,0x6ac00000)]
  0x3ee3f000 JavaThread "Thread-2148" [_thread_in_native, id=18852, stack(0x6a9e0000,0x6aa30000)]
  0x3ee3e800 JavaThread "Thread-2147" [_thread_in_native, id=18828, stack(0x6a900000,0x6a950000)]
  0x3ee3e400 JavaThread "Thread-2146" [_thread_in_native, id=18564, stack(0x6a890000,0x6a8e0000)]
  0x3ee3dc00 JavaThread "Thread-2145" [_thread_in_native, id=18252, stack(0x6a7d0000,0x6a820000)]
  0x3ee3d800 JavaThread "Thread-2144" [_thread_blocked, id=18608, stack(0x6a580000,0x6a5d0000)]
  0x3ee3d000 JavaThread "Thread-2143" [_thread_in_native, id=18764, stack(0x6a6e0000,0x6a730000)]
  0x3ee3c800 JavaThread "Thread-2142" [_thread_in_native, id=18196, stack(0x6a5f0000,0x6a640000)]
  0x3ee3c400 JavaThread "Thread-2141" [_thread_in_native, id=18620, stack(0x68180000,0x681d0000)]
  0x3ee3bc00 JavaThread "Thread-2140" [_thread_in_native, id=18560, stack(0x677a0000,0x677f0000)]
  0x3ee3b800 JavaThread "Thread-2139" [_thread_in_native, id=18796, stack(0x6a2a0000,0x6a2f0000)]
  0x3ee3b000 JavaThread "Thread-2138" [_thread_in_native, id=18264, stack(0x6a530000,0x6a580000)]
  0x3ee3ac00 JavaThread "Thread-2137" [_thread_in_native, id=18728, stack(0x69b20000,0x69b70000)]
  0x3ee3a400 JavaThread "Thread-2136" [_thread_in_native, id=18240, stack(0x6a460000,0x6a4b0000)]
  0x3ee39c00 JavaThread "Thread-2135" [_thread_in_native, id=18232, stack(0x6a360000,0x6a3b0000)]
  0x3ee39800 JavaThread "Thread-2134" [_thread_in_native, id=18312, stack(0x6a180000,0x6a1d0000)]
  0x3ee39000 JavaThread "Thread-2133" [_thread_in_native, id=18272, stack(0x69f40000,0x69f90000)]
  0x3ee38c00 JavaThread "Thread-2132" [_thread_in_native, id=18568, stack(0x6a040000,0x6a090000)]
  0x3ee38400 JavaThread "Thread-2131" [_thread_in_native, id=18968, stack(0x69a80000,0x69ad0000)]
  0x3ee38000 JavaThread "Thread-2130" [_thread_in_native, id=18984, stack(0x69fe0000,0x6a030000)]
  0x3ee37800 JavaThread "Thread-2129" [_thread_in_native, id=18856, stack(0x69de0000,0x69e30000)]
  0x3ee37000 JavaThread "Thread-2128" [_thread_in_native, id=18600, stack(0x69e50000,0x69ea0000)]
  0x3ee36c00 JavaThread "Thread-2127" [_thread_in_native, id=18256, stack(0x69d50000,0x69da0000)]
  0x3ee36400 JavaThread "Thread-2126" [_thread_in_native, id=18064, stack(0x64ae0000,0x64b30000)]
  0x3ee36000 JavaThread "Thread-2125" [_thread_in_native, id=18592, stack(0x653e0000,0x65430000)]
  0x3ee35800 JavaThread "Thread-2124" [_thread_in_native, id=18520, stack(0x69c00000,0x69c50000)]
  0x3ee35400 JavaThread "Thread-2123" [_thread_in_native, id=18088, stack(0x689b0000,0x68a00000)]
  0x3ee34c00 JavaThread "Thread-2122" [_thread_in_native, id=18904, stack(0x68010000,0x68060000)]
  0x3ee34400 JavaThread "Thread-2121" [_thread_in_native, id=18148, stack(0x69540000,0x69590000)]
  0x3ee34000 JavaThread "Thread-2120" [_thread_in_native, id=18668, stack(0x65ae0000,0x65b30000)]
  0x3ee33800 JavaThread "Thread-2119" [_thread_in_native, id=18588, stack(0x658b0000,0x65900000)]
  0x3ee33400 JavaThread "Thread-2118" [_thread_in_native, id=18604, stack(0x69460000,0x694b0000)]
  0x3ee32c00 JavaThread "Thread-2117" [_thread_in_native, id=18724, stack(0x68fe0000,0x69030000)]
  0x3ee32800 JavaThread "Thread-2116" [_thread_in_native, id=18936, stack(0x681d0000,0x68220000)]
  0x3ee32000 JavaThread "Thread-2115" [_thread_in_native, id=19000, stack(0x682c0000,0x68310000)]
  0x3ee31800 JavaThread "Thread-2114" [_thread_in_native, id=18792, stack(0x68080000,0x680d0000)]
  0x3ee31400 JavaThread "Thread-2113" [_thread_in_native, id=18084, stack(0x67e50000,0x67ea0000)]
  0x3ee30c00 JavaThread "Thread-2112" [_thread_in_native, id=18888, stack(0x67fc0000,0x68010000)]
  0x3ee30800 JavaThread "Thread-2111" [_thread_in_native, id=18844, stack(0x65530000,0x65580000)]
  0x3ee30000 JavaThread "Thread-2110" [_thread_in_native, id=18316, stack(0x67d30000,0x67d80000)]
  0x3ee2fc00 JavaThread "Thread-2109" [_thread_in_native, id=19004, stack(0x67a10000,0x67a60000)]
  0x3ee2f400 JavaThread "Thread-2108" [_thread_in_native, id=18656, stack(0x67be0000,0x67c30000)]
  0x3ee2f000 JavaThread "Thread-2107" [_thread_in_native, id=18700, stack(0x67c50000,0x67ca0000)]
  0x3ee2e800 JavaThread "Thread-2106" [_thread_in_native, id=18260, stack(0x67570000,0x675c0000)]
  0x3ee2e000 JavaThread "Thread-2105" [_thread_in_native, id=18752, stack(0x67630000,0x67680000)]
  0x3ee2dc00 JavaThread "Thread-2104" [_thread_in_native, id=18860, stack(0x675c0000,0x67610000)]
  0x3ee2d400 JavaThread "Thread-2103" [_thread_in_native, id=19008, stack(0x67500000,0x67550000)]
  0x3ee2d000 JavaThread "Thread-2102" [_thread_in_native, id=18684, stack(0x67480000,0x674d0000)]
  0x3ee2c800 JavaThread "Thread-2101" [_thread_in_native, id=18756, stack(0x672f0000,0x67340000)]
  0x3ee2c400 JavaThread "Thread-2100" [_thread_in_native, id=18784, stack(0x66fb0000,0x67000000)]
  0x3ee2bc00 JavaThread "Thread-2099" [_thread_in_native, id=18980, stack(0x67200000,0x67250000)]
  0x3ee2b400 JavaThread "Thread-2098" [_thread_in_native, id=18636, stack(0x66f30000,0x66f80000)]
  0x3ee2b000 JavaThread "Thread-2097" [_thread_in_native, id=18780, stack(0x66e00000,0x66e50000)]
  0x3ee2a800 JavaThread "Thread-2096" [_thread_in_native, id=18900, stack(0x671b0000,0x67200000)]
  0x3ee2a400 JavaThread "Thread-2095" [_thread_in_native, id=18640, stack(0x67060000,0x670b0000)]
  0x3ee29c00 JavaThread "Thread-2094" [_thread_in_native, id=18616, stack(0x67000000,0x67050000)]
  0x3ee29800 JavaThread "Thread-2093" [_thread_in_native, id=18824, stack(0x66da0000,0x66df0000)]
  0x3ee29000 JavaThread "Thread-2092" [_thread_in_native, id=19032, stack(0x66e50000,0x66ea0000)]
  0x3ee28800 JavaThread "Thread-2091" [_thread_in_native, id=19092, stack(0x66930000,0x66980000)]
  0x3ee28400 JavaThread "Thread-2090" [_thread_in_native, id=19076, stack(0x668d0000,0x66920000)]
  0x3ee27c00 JavaThread "Thread-2089" [_thread_in_native, id=19060, stack(0x66ba0000,0x66bf0000)]
  0x3ee27800 JavaThread "Thread-2088" [_thread_in_native, id=19124, stack(0x66c40000,0x66c90000)]
  0x3ee27000 JavaThread "Thread-2087" [_thread_in_native, id=19044, stack(0x666b0000,0x66700000)]
  0x3ee26c00 JavaThread "Thread-2086" [_thread_in_native, id=19156, stack(0x65440000,0x65490000)]
  0x3ee26400 JavaThread "Thread-2085" [_thread_in_native, id=19064, stack(0x650f0000,0x65140000)]
  0x3ee25c00 JavaThread "Thread-2084" [_thread_in_native, id=19080, stack(0x66850000,0x668a0000)]
  0x3ee25800 JavaThread "Thread-2083" [_thread_in_native, id=19048, stack(0x64f20000,0x64f70000)]
  0x3ee25000 JavaThread "Thread-2082" [_thread_in_native, id=19128, stack(0x66550000,0x665a0000)]
  0x3ee24c00 JavaThread "Thread-2081" [_thread_in_native, id=19112, stack(0x64ed0000,0x64f20000)]
  0x3ee24400 JavaThread "Thread-2080" [_thread_in_native, id=19108, stack(0x64700000,0x64750000)]
  0x3ee24000 JavaThread "Thread-2079" [_thread_in_native, id=19172, stack(0x66660000,0x666b0000)]
  0x3ee23800 JavaThread "Thread-2078" [_thread_in_native, id=19204, stack(0x64a90000,0x64ae0000)]
  0x3ee23000 JavaThread "Thread-2077" [_thread_in_native, id=19212, stack(0x65bf0000,0x65c40000)]
  0x3ee22c00 JavaThread "Thread-2076" [_thread_in_native, id=19180, stack(0x66360000,0x663b0000)]
  0x3ee22400 JavaThread "Thread-2075" [_thread_in_native, id=19068, stack(0x664d0000,0x66520000)]
  0x3ee22000 JavaThread "Thread-2074" [_thread_in_native, id=19224, stack(0x66450000,0x664a0000)]
  0x3ee21800 JavaThread "Thread-2073" [_thread_in_native, id=19116, stack(0x69b70000,0x69bc0000)]
  0x3ee21400 JavaThread "Thread-2072" [_thread_in_native, id=19040, stack(0x69ad0000,0x69b20000)]
  0x3ee20c00 JavaThread "Thread-2071" [_thread_in_native, id=19232, stack(0x699f0000,0x69a40000)]
  0x3ee20400 JavaThread "Thread-2070" [_thread_in_native, id=19188, stack(0x698a0000,0x698f0000)]
  0x3ee20000 JavaThread "Thread-2069" [_thread_in_native, id=19104, stack(0x69970000,0x699c0000)]
  0x3ee1f800 JavaThread "Thread-2068" [_thread_in_native, id=19396, stack(0x69600000,0x69650000)]
  0x3eccf800 JavaThread "Thread-2067" [_thread_in_native, id=19072, stack(0x694d0000,0x69520000)]
  0x3eccf400 JavaThread "Thread-2066" [_thread_in_native, id=19120, stack(0x68d20000,0x68d70000)]
  0x3eccec00 JavaThread "Thread-2065" [_thread_in_native, id=19392, stack(0x69190000,0x691e0000)]
  0x3ecce800 JavaThread "Thread-2064" [_thread_in_native, id=19264, stack(0x65920000,0x65970000)]
  0x3ecce000 JavaThread "Thread-2063" [_thread_in_native, id=19388, stack(0x65d00000,0x65d50000)]
  0x3eccd800 JavaThread "Thread-2062" [_thread_in_native, id=19100, stack(0x68f00000,0x68f50000)]
  0x3eccd400 JavaThread "Thread-2061" [_thread_in_native, id=12364, stack(0x68de0000,0x68e30000)]
  0x3ecccc00 JavaThread "Thread-2060" [_thread_in_native, id=19036, stack(0x65ba0000,0x65bf0000)]
  0x3eccc800 JavaThread "Thread-2059" [_thread_in_native, id=19052, stack(0x65580000,0x655d0000)]
  0x3eccc000 JavaThread "Thread-2058" [_thread_in_native, id=19276, stack(0x68b20000,0x68b70000)]
  0x3eccbc00 JavaThread "Thread-2057" [_thread_in_native, id=19432, stack(0x68950000,0x689a0000)]
  0x3eccb400 JavaThread "Thread-2056" [_thread_in_native, id=7656, stack(0x68830000,0x68880000)]
  0x3eccac00 JavaThread "Thread-2055" [_thread_blocked, id=19160, stack(0x68630000,0x68680000)]
  0x3ecca800 JavaThread "Thread-2054" [_thread_in_native, id=19144, stack(0x68450000,0x684a0000)]
  0x3ecca000 JavaThread "Thread-2053" [_thread_in_native, id=19416, stack(0x683f0000,0x68440000)]
  0x3ecc9c00 JavaThread "Thread-2052" [_thread_in_native, id=19444, stack(0x67d80000,0x67dd0000)]
  0x3ecc9400 JavaThread "Thread-2051" [_thread_in_native, id=19140, stack(0x661f0000,0x66240000)]
  0x3ecc9000 JavaThread "Thread-2050" [_thread_in_native, id=19460, stack(0x67dd0000,0x67e20000)]
  0x3ecc8800 JavaThread "Thread-2049" [_thread_in_native, id=19084, stack(0x648f0000,0x64940000)]
  0x3ecc8000 JavaThread "Thread-2048" [_thread_in_native, id=19412, stack(0x67ad0000,0x67b20000)]
  0x3ecc7c00 JavaThread "Thread-2047" [_thread_in_native, id=19236, stack(0x667e0000,0x66830000)]
  0x3ecc7400 JavaThread "Thread-2046" [_thread_in_native, id=11272, stack(0x66610000,0x66660000)]
  0x3ecc7000 JavaThread "Thread-2045" [_thread_in_native, id=19280, stack(0x663b0000,0x66400000)]
  0x3ecc6800 JavaThread "Thread-2044" [_thread_in_native, id=19272, stack(0x66150000,0x661a0000)]
  0x3ecc6400 JavaThread "Thread-2043" [_thread_in_native, id=19220, stack(0x66090000,0x660e0000)]
  0x3ecc5c00 JavaThread "Thread-2042" [_thread_in_native, id=19288, stack(0x64580000,0x645d0000)]
  0x3ecc5400 JavaThread "Thread-2041" [_thread_in_native, id=19336, stack(0x65610000,0x65660000)]
  0x3ecc5000 JavaThread "Thread-2040" [_thread_in_native, id=19304, stack(0x65b30000,0x65b80000)]
  0x3ecc4800 JavaThread "Thread-2039" [_thread_in_native, id=19352, stack(0x65710000,0x65760000)]
  0x3ecc4400 JavaThread "Thread-2038" [_thread_in_native, id=20016, stack(0x656b0000,0x65700000)]
  0x3ecc3c00 JavaThread "Thread-2037" [_thread_in_native, id=19284, stack(0x654a0000,0x654f0000)]
  0x3ecc3800 JavaThread "Thread-2036" [_thread_in_native, id=19328, stack(0x64e20000,0x64e70000)]
  0x3ecc3000 JavaThread "Thread-2035" [_thread_in_native, id=19932, stack(0x64c50000,0x64ca0000)]
  0x3ecc2800 JavaThread "Thread-2034" [_thread_in_native, id=19340, stack(0x64c00000,0x64c50000)]
  0x3ecc2400 JavaThread "Thread-2033" [_thread_in_native, id=19360, stack(0x642a0000,0x642f0000)]
  0x3ecc1c00 JavaThread "Thread-2032" [_thread_in_native, id=19312, stack(0x64620000,0x64670000)]
  0x3ecc1800 JavaThread "Thread-2031" [_thread_in_native, id=19344, stack(0x64990000,0x649e0000)]
  0x3ecc1000 JavaThread "Thread-2030" [_thread_in_native, id=19356, stack(0x64760000,0x647b0000)]
  0x3ecc0c00 JavaThread "Thread-2029" [_thread_in_native, id=19364, stack(0x648a0000,0x648f0000)]
  0x3ecc0400 JavaThread "Thread-2028" [_thread_in_native, id=19296, stack(0x643f0000,0x64440000)]
  0x3ecbfc00 JavaThread "Thread-2027" [_thread_in_native, id=19292, stack(0x64670000,0x646c0000)]
  0x3ecbf800 JavaThread "Thread-2026" [_thread_in_native, id=19320, stack(0x64530000,0x64580000)]
  0x3ecbf000 JavaThread "Thread-2025" [_thread_in_native, id=19324, stack(0x644b0000,0x64500000)]
  0x3ecbec00 JavaThread "Thread-2024" [_thread_in_native, id=20144, stack(0x64310000,0x64360000)]
  0x3ecbe400 JavaThread "Thread-2023" [_thread_in_native, id=20236, stack(0x64140000,0x64190000)]
  0x3ecbe000 JavaThread "Thread-2022" [_thread_in_native, id=19056, stack(0x64020000,0x64070000)]
  0x3ecbd800 JavaThread "Thread-2021" [_thread_in_native, id=19088, stack(0x641c0000,0x64210000)]
  0x3ecbd000 JavaThread "Thread-2020" [_thread_in_native, id=19164, stack(0x64240000,0x64290000)]
  0x3ecbcc00 JavaThread "Thread-2019" [_thread_in_native, id=19244, stack(0x63ea0000,0x63ef0000)]
  0x3ecbc400 JavaThread "Thread-2018" [_thread_in_native, id=19248, stack(0x640b0000,0x64100000)]
  0x3ecbc000 JavaThread "Thread-2017" [_thread_in_native, id=19192, stack(0x63f50000,0x63fa0000)]
  0x3ecbb800 JavaThread "Thread-2016" [_thread_in_native, id=19208, stack(0x63ef0000,0x63f40000)]
  0x3ecbb400 JavaThread "Thread-2015" [_thread_in_native, id=19176, stack(0x63db0000,0x63e00000)]
  0x3ecbac00 JavaThread "Thread-2014" [_thread_in_native, id=19256, stack(0x639f0000,0x63a40000)]
  0x3ecba800 JavaThread "Thread-2013" [_thread_in_native, id=19240, stack(0x63cd0000,0x63d20000)]
  0x3ecba000 JavaThread "Thread-2012" [_thread_in_native, id=19332, stack(0x63c40000,0x63c90000)]
  0x3ecb9800 JavaThread "Thread-2011" [_thread_in_native, id=19348, stack(0x63a80000,0x63ad0000)]
  0x3ecb9400 JavaThread "Thread-2010" [_thread_in_native, id=19300, stack(0x5ace0000,0x5ad30000)]
  0x3ecb8c00 JavaThread "Thread-2009" [_thread_in_native, id=19316, stack(0x63bd0000,0x63c20000)]
  0x3ecb8800 JavaThread "Thread-2008" [_thread_in_native, id=19268, stack(0x63b40000,0x63b90000)]
  0x3ecb8000 JavaThread "Thread-2007" [_thread_in_native, id=19148, stack(0x63770000,0x637c0000)]
  0x3ecb7c00 JavaThread "Thread-2006" [_thread_in_native, id=19168, stack(0x63900000,0x63950000)]
  0x3ecb7400 JavaThread "Thread-2005" [_thread_in_native, id=20392, stack(0x5e190000,0x5e1e0000)]
  0x3ecb6c00 JavaThread "Thread-2004" [_thread_in_native, id=20364, stack(0x5ca50000,0x5caa0000)]
  0x3ecb6800 JavaThread "Thread-2003" [_thread_in_native, id=19136, stack(0x5c840000,0x5c890000)]
  0x3ecb6000 JavaThread "Thread-2002" [_thread_in_native, id=19184, stack(0x5b4b0000,0x5b500000)]
  0x3ecb5c00 JavaThread "Thread-2001" [_thread_in_native, id=19216, stack(0x5afc0000,0x5b010000)]
  0x3ecb5400 JavaThread "Thread-2000" [_thread_in_native, id=19152, stack(0x637c0000,0x63810000)]
  0x3ecb5000 JavaThread "Thread-1999" [_thread_in_native, id=3632, stack(0x63540000,0x63590000)]
  0x3ecb4800 JavaThread "Thread-1998" [_thread_in_native, id=19488, stack(0x63820000,0x63870000)]
  0x3ecb4000 JavaThread "Thread-1997" [_thread_in_native, id=20348, stack(0x636e0000,0x63730000)]
  0x3ecb3c00 JavaThread "Thread-1996" [_thread_in_native, id=19200, stack(0x633a0000,0x633f0000)]
  0x3ecb3400 JavaThread "Thread-1995" [_thread_in_native, id=20336, stack(0x631f0000,0x63240000)]
  0x3ecb3000 JavaThread "Thread-1994" [_thread_in_native, id=12244, stack(0x63670000,0x636c0000)]
  0x3ecb2800 JavaThread "Thread-1993" [_thread_in_native, id=20456, stack(0x63620000,0x63670000)]
  0x3ecb2400 JavaThread "Thread-1992" [_thread_in_native, id=13884, stack(0x62e70000,0x62ec0000)]
  0x3ecb1c00 JavaThread "Thread-1991" [_thread_in_native, id=20412, stack(0x63420000,0x63470000)]
  0x3ecb1400 JavaThread "Thread-1990" [_thread_in_native, id=20352, stack(0x635a0000,0x635f0000)]
  0x3ecb1000 JavaThread "Thread-1989" [_thread_in_native, id=13104, stack(0x60ce0000,0x60d30000)]
  0x3ecb0800 JavaThread "Thread-1988" [_thread_in_native, id=20472, stack(0x61b20000,0x61b70000)]
  0x3ecb0400 JavaThread "Thread-1987" [_thread_in_native, id=20444, stack(0x63250000,0x632a0000)]
  0x3e4b0800 JavaThread "Thread-1986" [_thread_in_native, id=4528, stack(0x62d50000,0x62da0000)]
  0x3e4b0400 JavaThread "Thread-1985" [_thread_in_native, id=20432, stack(0x63100000,0x63150000)]
  0x3e4afc00 JavaThread "Thread-1984" [_thread_in_native, id=20460, stack(0x62f80000,0x62fd0000)]
  0x3e4af400 JavaThread "Thread-1983" [_thread_in_native, id=20476, stack(0x62ec0000,0x62f10000)]
  0x3e4af000 JavaThread "Thread-1982" [_thread_in_native, id=20464, stack(0x62a70000,0x62ac0000)]
  0x3e4ae800 JavaThread "Thread-1981" [_thread_in_native, id=20172, stack(0x622f0000,0x62340000)]
  0x3e4ae400 JavaThread "Thread-1980" [_thread_in_native, id=19476, stack(0x62920000,0x62970000)]
  0x3e4adc00 JavaThread "Thread-1979" [_thread_in_native, id=20360, stack(0x5c770000,0x5c7c0000)]
  0x3e4ad800 JavaThread "Thread-1978" [_thread_in_native, id=12352, stack(0x61d60000,0x61db0000)]
  0x3e4ad000 JavaThread "Thread-1977" [_thread_in_native, id=20448, stack(0x61f00000,0x61f50000)]
  0x3e4ac800 JavaThread "Thread-1976" [_thread_in_native, id=19132, stack(0x61e90000,0x61ee0000)]
  0x3e4ac400 JavaThread "Thread-1975" [_thread_in_native, id=19228, stack(0x61f80000,0x61fd0000)]
  0x3e4abc00 JavaThread "Thread-1974" [_thread_in_native, id=19196, stack(0x61e40000,0x61e90000)]
  0x3e4ab800 JavaThread "Thread-1973" [_thread_in_native, id=20420, stack(0x61dc0000,0x61e10000)]
  0x3e4ab000 JavaThread "Thread-1972" [_thread_in_native, id=19096, stack(0x61ad0000,0x61b20000)]
  0x3e4aac00 JavaThread "Thread-1971" [_thread_in_native, id=20328, stack(0x5c710000,0x5c760000)]
  0x3e4aa400 JavaThread "Thread-1970" [_thread_in_native, id=20292, stack(0x619a0000,0x619f0000)]
  0x3e4a9c00 JavaThread "Thread-1969" [_thread_in_native, id=20224, stack(0x5b660000,0x5b6b0000)]
  0x3e4a9800 JavaThread "Thread-1968" [_thread_in_native, id=20368, stack(0x61950000,0x619a0000)]
  0x3e4a9000 JavaThread "Thread-1967" [_thread_in_native, id=20308, stack(0x61860000,0x618b0000)]
  0x3e4a8c00 JavaThread "Thread-1966" [_thread_in_native, id=20204, stack(0x617f0000,0x61840000)]
  0x3e4a8400 JavaThread "Thread-1965" [_thread_in_native, id=20232, stack(0x616f0000,0x61740000)]
  0x3e4a8000 JavaThread "Thread-1964" [_thread_blocked, id=20184, stack(0x615b0000,0x61600000)]
  0x3e4a7800 JavaThread "Thread-1963" [_thread_in_native, id=20316, stack(0x604f0000,0x60540000)]
  0x3e4a7000 JavaThread "Thread-1962" [_thread_in_native, id=20192, stack(0x5d1c0000,0x5d210000)]
  0x3e4a6c00 JavaThread "Thread-1961" [_thread_in_native, id=20220, stack(0x60370000,0x603c0000)]
  0x3e4a6400 JavaThread "Thread-1960" [_thread_in_native, id=20208, stack(0x5f4f0000,0x5f540000)]
  0x3e4a6000 JavaThread "Thread-1959" [_thread_in_native, id=20332, stack(0x5f760000,0x5f7b0000)]
  0x3e4a5800 JavaThread "Thread-1958" [_thread_in_native, id=20160, stack(0x5f690000,0x5f6e0000)]
  0x3e4a5400 JavaThread "Thread-1957" [_thread_in_native, id=13044, stack(0x5f5d0000,0x5f620000)]
  0x3e4a4c00 JavaThread "Thread-1956" [_thread_in_native, id=20280, stack(0x5f410000,0x5f460000)]
  0x3e4a4400 JavaThread "Thread-1955" [_thread_in_native, id=20296, stack(0x5f180000,0x5f1d0000)]
  0x3e4a4000 JavaThread "Thread-1954" [_thread_in_native, id=20428, stack(0x5f320000,0x5f370000)]
  0x3e4a3800 JavaThread "Thread-1953" [_thread_in_native, id=20344, stack(0x5f1d0000,0x5f220000)]
  0x3e4a3400 JavaThread "Thread-1952" [_thread_in_native, id=20304, stack(0x5d150000,0x5d1a0000)]
  0x3e4a2c00 JavaThread "Thread-1951" [_thread_in_native, id=14116, stack(0x5ede0000,0x5ee30000)]
  0x3e4a2800 JavaThread "Thread-1950" [_thread_in_native, id=20400, stack(0x5f120000,0x5f170000)]
  0x3e4a2000 JavaThread "Thread-1949" [_thread_in_native, id=20240, stack(0x5ecb0000,0x5ed00000)]
  0x3e4a1800 JavaThread "Thread-1948" [_thread_in_native, id=20396, stack(0x5ed20000,0x5ed70000)]
  0x3e4a1400 JavaThread "Thread-1947" [_thread_in_native, id=20200, stack(0x5eab0000,0x5eb00000)]
  0x3e4a0c00 JavaThread "Thread-1946" [_thread_in_native, id=20252, stack(0x5ed90000,0x5ede0000)]
  0x3e4a0800 JavaThread "Thread-1945" [_thread_in_native, id=20324, stack(0x5caa0000,0x5caf0000)]
  0x3e4a0000 JavaThread "Thread-1944" [_thread_blocked, id=20196, stack(0x5ebf0000,0x5ec40000)]
  0x3e49fc00 JavaThread "Thread-1943" [_thread_in_native, id=20228, stack(0x5eb50000,0x5eba0000)]
  0x3e49f400 JavaThread "Thread-1942" [_thread_in_native, id=20288, stack(0x5e430000,0x5e480000)]
  0x3e49ec00 JavaThread "Thread-1941" [_thread_in_native, id=20300, stack(0x5ea40000,0x5ea90000)]
  0x3e49e800 JavaThread "Thread-1940" [_thread_in_native, id=16084, stack(0x5e970000,0x5e9c0000)]
  0x3e49e000 JavaThread "Thread-1939" [_thread_in_native, id=20124, stack(0x5e770000,0x5e7c0000)]
  0x3e49dc00 JavaThread "Thread-1938" [_thread_in_native, id=20256, stack(0x5e530000,0x5e580000)]
  0x3e49d400 JavaThread "Thread-1937" [_thread_in_native, id=20136, stack(0x5e7f0000,0x5e840000)]
  0x3e49d000 JavaThread "Thread-1936" [_thread_in_native, id=20272, stack(0x5e5d0000,0x5e620000)]
  0x3e49c800 JavaThread "Thread-1935" [_thread_in_native, id=12752, stack(0x5e480000,0x5e4d0000)]
  0x3e49c000 JavaThread "Thread-1934" [_thread_in_native, id=20248, stack(0x5e320000,0x5e370000)]
  0x3e49bc00 JavaThread "Thread-1933" [_thread_in_native, id=20372, stack(0x5e3e0000,0x5e430000)]
  0x3e49b400 JavaThread "Thread-1932" [_thread_in_native, id=19252, stack(0x5df80000,0x5dfd0000)]
  0x3e49b000 JavaThread "Thread-1931" [_thread_in_native, id=20152, stack(0x5e280000,0x5e2d0000)]
  0x3e49a800 JavaThread "Thread-1930" [_thread_in_native, id=20148, stack(0x5dc80000,0x5dcd0000)]
  0x3e49a400 JavaThread "Thread-1929" [_thread_in_native, id=20260, stack(0x5ddd0000,0x5de20000)]
  0x3e499c00 JavaThread "Thread-1928" [_thread_in_native, id=20188, stack(0x5e100000,0x5e150000)]
  0x3e499400 JavaThread "Thread-1927" [_thread_in_native, id=14008, stack(0x5dfe0000,0x5e030000)]
  0x3e499000 JavaThread "Thread-1926" [_thread_in_native, id=20276, stack(0x5de80000,0x5ded0000)]
  0x3e498800 JavaThread "Thread-1925" [_thread_in_native, id=20156, stack(0x5dd40000,0x5dd90000)]
  0x3e498400 JavaThread "Thread-1924" [_thread_in_native, id=19260, stack(0x5dcd0000,0x5dd20000)]
  0x3e497c00 JavaThread "Thread-1923" [_thread_in_native, id=20096, stack(0x5db30000,0x5db80000)]
  0x3e497800 JavaThread "Thread-1922" [_thread_in_native, id=20088, stack(0x5d960000,0x5d9b0000)]
  0x3e497000 JavaThread "Thread-1921" [_thread_in_native, id=20044, stack(0x5da50000,0x5daa0000)]
  0x3e496800 JavaThread "Thread-1920" [_thread_blocked, id=20060, stack(0x5cb20000,0x5cb70000)]
  0x3e496400 JavaThread "Thread-1919" [_thread_in_native, id=20268, stack(0x5d470000,0x5d4c0000)]
  0x3e495c00 JavaThread "Thread-1918" [_thread_in_native, id=20056, stack(0x5d370000,0x5d3c0000)]
  0x3e495800 JavaThread "Thread-1917" [_thread_in_native, id=20076, stack(0x5d000000,0x5d050000)]
  0x3e495000 JavaThread "Thread-1916" [_thread_in_native, id=19660, stack(0x5d0e0000,0x5d130000)]
  0x3e494c00 JavaThread "Thread-1915" [_thread_blocked, id=20132, stack(0x5cef0000,0x5cf40000)]
  0x3e494400 JavaThread "Thread-1914" [_thread_in_native, id=20112, stack(0x5ccb0000,0x5cd00000)]
  0x3e493c00 JavaThread "Thread-1913" [_thread_in_native, id=20104, stack(0x5cc20000,0x5cc70000)]
  0x3e493800 JavaThread "Thread-1912" [_thread_in_native, id=19308, stack(0x5c570000,0x5c5c0000)]
  0x3e493000 JavaThread "Thread-1911" [_thread_in_native, id=20084, stack(0x5b6c0000,0x5b710000)]
  0x3e492c00 JavaThread "Thread-1910" [_thread_in_native, id=20064, stack(0x5c6c0000,0x5c710000)]
  0x3e492400 JavaThread "Thread-1909" [_thread_in_native, id=20004, stack(0x5c430000,0x5c480000)]
  0x3e492000 JavaThread "Thread-1908" [_thread_in_native, id=19988, stack(0x5c250000,0x5c2a0000)]
  0x3e491800 JavaThread "Thread-1907" [_thread_blocked, id=20120, stack(0x5c480000,0x5c4d0000)]
  0x3e491000 JavaThread "Thread-1906" [_thread_in_native, id=20024, stack(0x5c320000,0x5c370000)]
  0x3e522400 JavaThread "Thread-1905" [_thread_in_native, id=20008, stack(0x5bf00000,0x5bf50000)]
  0x3e522000 JavaThread "Thread-1904" [_thread_in_native, id=20068, stack(0x5c200000,0x5c250000)]
  0x3e521800 JavaThread "Thread-1903" [_thread_in_native, id=19992, stack(0x5b790000,0x5b7e0000)]
  0x3e521400 JavaThread "Thread-1902" [_thread_in_native, id=19652, stack(0x5bcc0000,0x5bd10000)]
  0x3e520c00 JavaThread "Thread-1901" [_thread_in_native, id=20116, stack(0x5ba00000,0x5ba50000)]
  0x3e520400 JavaThread "Thread-1900" [_thread_in_native, id=20052, stack(0x5bdd0000,0x5be20000)]
  0x3e520000 JavaThread "Thread-1899" [_thread_in_native, id=20072, stack(0x5b390000,0x5b3e0000)]
  0x3e51f800 JavaThread "Thread-1898" [_thread_in_native, id=19948, stack(0x5b460000,0x5b4b0000)]
  0x3e51f400 JavaThread "Thread-1897" [_thread_in_native, id=20028, stack(0x5b050000,0x5b0a0000)]
  0x3e51ec00 JavaThread "Thread-1896" [_thread_in_native, id=20012, stack(0x5b250000,0x5b2a0000)]
  0x0b1ce000 JavaThread "Thread-1895" [_thread_in_native, id=20080, stack(0x5b1c0000,0x5b210000)]
  0x3e51e800 JavaThread "Thread-1894" [_thread_in_native, id=19972, stack(0x62f20000,0x62f70000)]
  0x3e51e000 JavaThread "Thread-1893" [_thread_in_native, id=20020, stack(0x630a0000,0x630f0000)]
  0x3e51d800 JavaThread "Thread-1892" [_thread_in_native, id=19968, stack(0x62ff0000,0x63040000)]
  0x3e51d400 JavaThread "Thread-1891" [_thread_in_native, id=19900, stack(0x62c60000,0x62cb0000)]
  0x3e51cc00 JavaThread "Thread-1890" [_thread_in_native, id=19840, stack(0x62dd0000,0x62e20000)]
  0x3e51c800 JavaThread "Thread-1889" [_thread_in_native, id=19952, stack(0x62b80000,0x62bd0000)]
  0x3e51c000 JavaThread "Thread-1888" [_thread_in_native, id=19888, stack(0x62c00000,0x62c50000)]
  0x3e51bc00 JavaThread "Thread-1887" [_thread_in_native, id=19904, stack(0x62980000,0x629d0000)]
  0x3e51b400 JavaThread "Thread-1886" [_thread_in_native, id=19996, stack(0x62a10000,0x62a60000)]
  0x3e51ac00 JavaThread "Thread-1885" [_thread_in_native, id=19824, stack(0x62880000,0x628d0000)]
  0x3e51a800 JavaThread "Thread-1884" [_thread_in_native, id=19936, stack(0x62800000,0x62850000)]
  0x3e51a000 JavaThread "Thread-1883" [_thread_in_native, id=19828, stack(0x62700000,0x62750000)]
  0x3e519c00 JavaThread "Thread-1882" [_thread_in_native, id=19944, stack(0x62370000,0x623c0000)]
  0x3e519400 JavaThread "Thread-1881" [_thread_in_native, id=19864, stack(0x626b0000,0x62700000)]
  0x3e519000 JavaThread "Thread-1880" [_thread_in_native, id=19984, stack(0x62420000,0x62470000)]
  0x3e518800 JavaThread "Thread-1879" [_thread_in_native, id=19956, stack(0x62470000,0x624c0000)]
  0x3e518000 JavaThread "Thread-1878" [_thread_in_native, id=19812, stack(0x62220000,0x62270000)]
  0x3e517c00 JavaThread "Thread-1877" [_thread_in_native, id=19912, stack(0x62290000,0x622e0000)]
  0x3e517400 JavaThread "Thread-1876" [_thread_in_native, id=19844, stack(0x61c30000,0x61c80000)]
  0x3e517000 JavaThread "Thread-1875" [_thread_in_native, id=19860, stack(0x62180000,0x621d0000)]
  0x3e516800 JavaThread "Thread-1874" [_thread_in_native, id=20032, stack(0x612d0000,0x61320000)]
  0x3e516400 JavaThread "Thread-1873" [_thread_in_native, id=19656, stack(0x61ca0000,0x61cf0000)]
  0x3e515c00 JavaThread "Thread-1872" [_thread_in_native, id=19788, stack(0x61a00000,0x61a50000)]
  0x3e515400 JavaThread "Thread-1871" [_thread_in_native, id=19916, stack(0x61530000,0x61580000)]
  0x3e515000 JavaThread "Thread-1870" [_thread_in_native, id=19940, stack(0x614c0000,0x61510000)]
  0x3e514800 JavaThread "Thread-1869" [_thread_in_native, id=13992, stack(0x61430000,0x61480000)]
  0x3e514400 JavaThread "Thread-1868" [_thread_in_native, id=14220, stack(0x61320000,0x61370000)]
  0x3e513c00 JavaThread "Thread-1867" [_thread_in_native, id=20284, stack(0x611a0000,0x611f0000)]
  0x3e513800 JavaThread "Thread-1866" [_thread_blocked, id=14164, stack(0x61280000,0x612d0000)]
  0x3e513000 JavaThread "Thread-1865" [_thread_in_native, id=19884, stack(0x61220000,0x61270000)]
  0x3e512c00 JavaThread "Thread-1864" [_thread_in_native, id=13456, stack(0x61140000,0x61190000)]
  0x3e512400 JavaThread "Thread-1863" [_thread_in_native, id=19856, stack(0x61090000,0x610e0000)]
  0x3e511c00 JavaThread "Thread-1862" [_thread_in_native, id=20468, stack(0x60f50000,0x60fa0000)]
  0x3e511800 JavaThread "Thread-1861" [_thread_in_native, id=19868, stack(0x605d0000,0x60620000)]
  0x3e511000 JavaThread "Thread-1860" [_thread_in_native, id=19896, stack(0x60f00000,0x60f50000)]
  0x3e510c00 JavaThread "Thread-1859" [_thread_in_native, id=19836, stack(0x603d0000,0x60420000)]
  0x3e510400 JavaThread "Thread-1858" [_thread_in_native, id=19872, stack(0x60c00000,0x60c50000)]
  0x3e510000 JavaThread "Thread-1857" [_thread_in_native, id=19880, stack(0x60bb0000,0x60c00000)]
  0x3e50f800 JavaThread "Thread-1856" [_thread_in_native, id=5036, stack(0x60b50000,0x60ba0000)]
  0x3e50f000 JavaThread "Thread-1855" [_thread_in_native, id=10208, stack(0x60b00000,0x60b50000)]
  0x3e50ec00 JavaThread "Thread-1854" [_thread_in_native, id=19908, stack(0x609a0000,0x609f0000)]
  0x3e50e400 JavaThread "Thread-1853" [_thread_in_native, id=4164, stack(0x608c0000,0x60910000)]
  0x3e50e000 JavaThread "Thread-1852" [_thread_in_native, id=20388, stack(0x607c0000,0x60810000)]
  0x3e50d800 JavaThread "Thread-1851" [_thread_in_native, id=19924, stack(0x606a0000,0x606f0000)]
  0x3e50d400 JavaThread "Thread-1850" [_thread_in_native, id=5388, stack(0x60480000,0x604d0000)]
  0x3e50cc00 JavaThread "Thread-1849" [_thread_in_native, id=20424, stack(0x60580000,0x605d0000)]
  0x3e50c400 JavaThread "Thread-1848" [_thread_in_native, id=20380, stack(0x5ffe0000,0x60030000)]
  0x3e50c000 JavaThread "Thread-1847" [_thread_in_native, id=20452, stack(0x60420000,0x60470000)]
  0x3e50b800 JavaThread "Thread-1846" [_thread_in_native, id=20408, stack(0x601c0000,0x60210000)]
  0x3e50b400 JavaThread "Thread-1845" [_thread_in_native, id=12416, stack(0x60210000,0x60260000)]
  0x3e50ac00 JavaThread "Thread-1844" [_thread_in_native, id=19744, stack(0x60070000,0x600c0000)]
  0x3e50a800 JavaThread "Thread-1843" [_thread_in_native, id=19808, stack(0x5ff00000,0x5ff50000)]
  0x3e50a000 JavaThread "Thread-1842" [_thread_in_native, id=19752, stack(0x5fd70000,0x5fdc0000)]
  0x3e509800 JavaThread "Thread-1841" [_thread_in_native, id=19784, stack(0x5ff60000,0x5ffb0000)]
  0x3e509400 JavaThread "Thread-1840" [_thread_in_native, id=19800, stack(0x5fc70000,0x5fcc0000)]
  0x3e508c00 JavaThread "Thread-1839" [_thread_in_native, id=19400, stack(0x5fdc0000,0x5fe10000)]
  0x3e508800 JavaThread "Thread-1838" [_thread_in_native, id=19748, stack(0x5f820000,0x5f870000)]
  0x3e508000 JavaThread "Thread-1837" [_thread_in_native, id=19680, stack(0x5f960000,0x5f9b0000)]
  0x3e507c00 JavaThread "Thread-1836" [_thread_in_native, id=19376, stack(0x5f870000,0x5f8c0000)]
  0x3e507400 JavaThread "Thread-1835" [_thread_blocked, id=19772, stack(0x5faf0000,0x5fb40000)]
  0x3e506c00 JavaThread "Thread-1834" [_thread_in_native, id=5368, stack(0x5f9b0000,0x5fa00000)]
  0x3e506800 JavaThread "Thread-1833" [_thread_in_native, id=19452, stack(0x5f480000,0x5f4d0000)]
  0x3e506000 JavaThread "Thread-1832" [_thread_in_native, id=13800, stack(0x5d600000,0x5d650000)]
  0x3e505c00 JavaThread "Thread-1831" [_thread_blocked, id=4840, stack(0x5ee80000,0x5eed0000)]
  0x3e505400 JavaThread "Thread-1830" [_thread_in_native, id=19448, stack(0x5e8e0000,0x5e930000)]
  0x3e505000 JavaThread "Thread-1829" [_thread_in_native, id=5444, stack(0x5e6b0000,0x5e700000)]
  0x3e504800 JavaThread "Thread-1828" [_thread_in_native, id=6844, stack(0x5db80000,0x5dbd0000)]
  0x3e504000 JavaThread "Thread-1827" [_thread_in_native, id=14060, stack(0x5d810000,0x5d860000)]
  0x3e503c00 JavaThread "Thread-1826" [_thread_in_native, id=19472, stack(0x5d790000,0x5d7e0000)]
  0x3e503400 JavaThread "Thread-1825" [_thread_in_native, id=19468, stack(0x5d860000,0x5d8b0000)]
  0x3e503000 JavaThread "Thread-1824" [_thread_in_native, id=13776, stack(0x5d730000,0x5d780000)]
  0x0b4d0800 JavaThread "Thread-1823" [_thread_in_native, id=17192, stack(0x5d500000,0x5d550000)]
  0x0b4d0400 JavaThread "Thread-1822" [_thread_in_native, id=9432, stack(0x5d650000,0x5d6a0000)]
  0x0b4cfc00 JavaThread "Thread-1821" [_thread_in_native, id=19404, stack(0x5d2d0000,0x5d320000)]
  0x0b4cf400 JavaThread "Thread-1820" [_thread_in_native, id=19408, stack(0x5d090000,0x5d0e0000)]
  0x0b4cf000 JavaThread "Thread-1819" [_thread_in_native, id=19424, stack(0x5bd10000,0x5bd60000)]
  0x0b4ce800 JavaThread "Thread-1818" [_thread_in_native, id=19384, stack(0x5cbd0000,0x5cc20000)]
  0x0b4ce400 JavaThread "Thread-1817" [_thread_in_native, id=19420, stack(0x5c060000,0x5c0b0000)]
  0x0b4cdc00 JavaThread "Thread-1816" [_thread_in_native, id=19380, stack(0x5c7c0000,0x5c810000)]
  0x0b4cd800 JavaThread "Thread-1815" [_thread_in_native, id=19436, stack(0x5bfa0000,0x5bff0000)]
  0x0b4cd000 JavaThread "Thread-1814" [_thread_in_native, id=19440, stack(0x5adb0000,0x5ae00000)]
  0x0b4cc800 JavaThread "Thread-1813" [_thread_in_native, id=14192, stack(0x5c000000,0x5c050000)]
  0x0b4cc400 JavaThread "Thread-1812" [_thread_in_native, id=11584, stack(0x5c0b0000,0x5c100000)]
  0x0b4cbc00 JavaThread "Thread-1811" [_thread_in_native, id=19464, stack(0x5beb0000,0x5bf00000)]
  0x0b4cb800 JavaThread "Thread-1810" [_thread_in_native, id=19372, stack(0x5bd60000,0x5bdb0000)]
  0x0b4cb000 JavaThread "Thread-1809" [_thread_in_native, id=19504, stack(0x5bba0000,0x5bbf0000)]
  0x0b4cac00 JavaThread "Thread-1808" [_thread_in_native, id=13788, stack(0x5bb10000,0x5bb60000)]
  0x0b4ca400 JavaThread "Thread-1807" [_thread_blocked, id=11668, stack(0x5b980000,0x5b9d0000)]
  0x0b4c9c00 JavaThread "Thread-1806" [_thread_in_native, id=4416, stack(0x5aee0000,0x5af30000)]
  0x0b4c9800 JavaThread "Thread-1805" [_thread_in_native, id=19508, stack(0x5a980000,0x5a9d0000)]
  0x0b4c9000 JavaThread "Thread-1804" [_thread_in_native, id=19492, stack(0x5ad60000,0x5adb0000)]
  0x0b4c8c00 JavaThread "Thread-1803" [_thread_in_native, id=19500, stack(0x5ac70000,0x5acc0000)]
  0x0b4c8400 JavaThread "Thread-1802" [_thread_in_native, id=2992, stack(0x59fe0000,0x5a030000)]
  0x0b4c8000 JavaThread "Thread-1801" [_thread_in_native, id=19684, stack(0x5abb0000,0x5ac00000)]
  0x0b4c7800 JavaThread "Thread-1800" [_thread_in_native, id=11456, stack(0x5aaa0000,0x5aaf0000)]
  0x0b4c7000 JavaThread "Thread-1799" [_thread_in_native, id=1484, stack(0x5a5c0000,0x5a610000)]
  0x0b4c6c00 JavaThread "Thread-1798" [_thread_in_native, id=19520, stack(0x5a8a0000,0x5a8f0000)]
  0x0b4c6400 JavaThread "Thread-1797" [_thread_blocked, id=19688, stack(0x5a7d0000,0x5a820000)]
  0x0b4c6000 JavaThread "Thread-1796" [_thread_in_native, id=19532, stack(0x5a6d0000,0x5a720000)]
  0x0b4c5800 JavaThread "Thread-1795" [_thread_in_native, id=4420, stack(0x5a660000,0x5a6b0000)]
  0x0b4c5400 JavaThread "Thread-1794" [_thread_in_native, id=19664, stack(0x5a440000,0x5a490000)]
  0x0b4c4c00 JavaThread "Thread-1793" [_thread_in_native, id=16948, stack(0x5a4c0000,0x5a510000)]
  0x0b4c4400 JavaThread "Thread-1792" [_thread_in_native, id=19644, stack(0x5a510000,0x5a560000)]
  0x0b4c4000 JavaThread "Thread-1791" [_thread_in_native, id=18364, stack(0x5a3b0000,0x5a400000)]
  0x0b4c3800 JavaThread "Thread-1790" [_thread_in_native, id=19564, stack(0x5a030000,0x5a080000)]
  0x0b4c3400 JavaThread "Thread-1789" [_thread_in_native, id=19552, stack(0x5a320000,0x5a370000)]
  0x0b4c2c00 JavaThread "Thread-1788" [_thread_in_native, id=16952, stack(0x5a1d0000,0x5a220000)]
  0x0b4c2800 JavaThread "Thread-1787" [_thread_in_native, id=19548, stack(0x597f0000,0x59840000)]
  0x0b4c2000 JavaThread "Thread-1786" [_thread_in_native, id=19528, stack(0x59f90000,0x59fe0000)]
  0x0b4c1800 JavaThread "Thread-1785" [_thread_in_native, id=19544, stack(0x59eb0000,0x59f00000)]
  0x0b4c1400 JavaThread "Thread-1784" [_thread_in_native, id=17864, stack(0x59f20000,0x59f70000)]
  0x0b4c0c00 JavaThread "Thread-1783" [_thread_in_native, id=19636, stack(0x596d0000,0x59720000)]
  0x0b4c0800 JavaThread "Thread-1782" [_thread_in_native, id=14476, stack(0x59c10000,0x59c60000)]
  0x0b4c0000 JavaThread "Thread-1781" [_thread_in_native, id=19616, stack(0x59cb0000,0x59d00000)]
  0x0b4bfc00 JavaThread "Thread-1780" [_thread_in_native, id=19648, stack(0x59b70000,0x59bc0000)]
  0x0b4bf400 JavaThread "Thread-1779" [_thread_blocked, id=19696, stack(0x59c60000,0x59cb0000)]
  0x0b4bec00 JavaThread "Thread-1778" [_thread_in_native, id=19596, stack(0x59ae0000,0x59b30000)]
  0x0b4be800 JavaThread "Thread-1777" [_thread_in_native, id=19592, stack(0x59a30000,0x59a80000)]
  0x0b4be000 JavaThread "Thread-1776" [_thread_in_native, id=19588, stack(0x59960000,0x599b0000)]
  0x0b4bdc00 JavaThread "Thread-1775" [_thread_in_native, id=10144, stack(0x59790000,0x597e0000)]
  0x0b4bd400 JavaThread "Thread-1774" [_thread_in_native, id=19576, stack(0x58180000,0x581d0000)]
  0x0b4bd000 JavaThread "Thread-1773" [_thread_in_native, id=19584, stack(0x59850000,0x598a0000)]
  0x0b4bc800 JavaThread "Thread-1772" [_thread_in_native, id=19572, stack(0x58410000,0x58460000)]
  0x0b4bc000 JavaThread "Thread-1771" [_thread_in_native, id=19540, stack(0x59720000,0x59770000)]
  0x0b4bbc00 JavaThread "Thread-1770" [_thread_in_native, id=19568, stack(0x59570000,0x595c0000)]
  0x0b4bb400 JavaThread "Thread-1769" [_thread_in_native, id=19368, stack(0x590a0000,0x590f0000)]
  0x0b4bb000 JavaThread "Thread-1768" [_thread_in_native, id=19560, stack(0x593e0000,0x59430000)]
  0x0b4ba800 JavaThread "Thread-1767" [_thread_in_native, id=19524, stack(0x592a0000,0x592f0000)]
  0x0b4ba400 JavaThread "Thread-1766" [_thread_in_native, id=19732, stack(0x59320000,0x59370000)]
  0x0b4b9c00 JavaThread "Thread-1765" [_thread_in_native, id=19624, stack(0x59200000,0x59250000)]
  0x0b4b9400 JavaThread "Thread-1764" [_thread_blocked, id=19692, stack(0x59180000,0x591d0000)]
  0x0b4b9000 JavaThread "Thread-1763" [_thread_in_native, id=19712, stack(0x59000000,0x59050000)]
  0x0b4b8800 JavaThread "Thread-1762" [_thread_in_native, id=19720, stack(0x58ea0000,0x58ef0000)]
  0x0b4b8400 JavaThread "Thread-1761" [_thread_in_native, id=19700, stack(0x58d70000,0x58dc0000)]
  0x0b4b7c00 JavaThread "Thread-1760" [_thread_in_native, id=19640, stack(0x58700000,0x58750000)]
  0x0b4b7800 JavaThread "Thread-1759" [_thread_in_native, id=19668, stack(0x586b0000,0x58700000)]
  0x0b4b7000 JavaThread "Thread-1758" [_thread_in_native, id=19724, stack(0x587f0000,0x58840000)]
  0x0b4b6800 JavaThread "Thread-1757" [_thread_in_native, id=19764, stack(0x58590000,0x585e0000)]
  0x0b4b6400 JavaThread "Thread-1756" [_thread_in_native, id=19716, stack(0x58e30000,0x58e80000)]
  0x0b4b5c00 JavaThread "Thread-1755" [_thread_in_native, id=19776, stack(0x58de0000,0x58e30000)]
  0x0b4b5800 JavaThread "Thread-1754" [_thread_in_native, id=19756, stack(0x58760000,0x587b0000)]
  0x0b4b5000 JavaThread "Thread-1753" [_thread_in_native, id=19760, stack(0x58c90000,0x58ce0000)]
  0x0b4b4c00 JavaThread "Thread-1752" [_thread_in_native, id=19740, stack(0x58c30000,0x58c80000)]
  0x0b4b4400 JavaThread "Thread-1751" [_thread_in_native, id=19796, stack(0x58a60000,0x58ab0000)]
  0x0b4b3c00 JavaThread "Thread-1750" [_thread_in_native, id=19708, stack(0x58a10000,0x58a60000)]
  0x0b4b3800 JavaThread "Thread-1749" [_thread_in_native, id=19792, stack(0x57f20000,0x57f70000)]
  0x0b4b3000 JavaThread "Thread-1748" [_thread_in_native, id=12192, stack(0x585f0000,0x58640000)]
  0x0b4b2c00 JavaThread "Thread-1747" [_thread_in_native, id=18244, stack(0x583c0000,0x58410000)]
  0x0b4b2400 JavaThread "Thread-1746" [_thread_in_native, id=18884, stack(0x58350000,0x583a0000)]
  0x0b4b2000 JavaThread "Thread-1745" [_thread_blocked, id=18304, stack(0x57ed0000,0x57f20000)]
  0x0b4b1800 JavaThread "Thread-1744" [_thread_in_native, id=18160, stack(0x58460000,0x584b0000)]
  0x0b4b1000 JavaThread "Thread-1743" [_thread_in_native, id=17936, stack(0x582e0000,0x58330000)]
  0x0b414800 JavaThread "Thread-1742" [_thread_in_native, id=19028, stack(0x58250000,0x582a0000)]
  0x0b414400 JavaThread "Thread-1741" [_thread_in_native, id=3112, stack(0x57da0000,0x57df0000)]
  0x0b413c00 JavaThread "Thread-1740" [_thread_in_native, id=12312, stack(0x56aa0000,0x56af0000)]
  0x0b413400 JavaThread "Thread-1739" [_thread_in_native, id=13060, stack(0x580c0000,0x58110000)]
  0x0b413000 JavaThread "Thread-1738" [_thread_in_native, id=12116, stack(0x57fd0000,0x58020000)]
  0x0b412800 JavaThread "Thread-1737" [_thread_in_native, id=13012, stack(0x57e50000,0x57ea0000)]
  0x0b412400 JavaThread "Thread-1736" [_thread_in_native, id=992, stack(0x57f80000,0x57fd0000)]
  0x0b411c00 JavaThread "Thread-1735" [_thread_in_native, id=14136, stack(0x57210000,0x57260000)]
  0x0b411800 JavaThread "Thread-1734" [_thread_in_native, id=12292, stack(0x57df0000,0x57e40000)]
  0x0b411000 JavaThread "Thread-1733" [_thread_in_native, id=19024, stack(0x57d50000,0x57da0000)]
  0x0b410800 JavaThread "Thread-1732" [_thread_in_native, id=18512, stack(0x57c50000,0x57ca0000)]
  0x0b410400 JavaThread "Thread-1731" [_thread_in_native, id=17948, stack(0x57a20000,0x57a70000)]
  0x0b40fc00 JavaThread "Thread-1730" [_thread_in_native, id=17904, stack(0x4ee10000,0x4ee60000)]
  0x0b40f800 JavaThread "Thread-1729" [_thread_in_native, id=17940, stack(0x578d0000,0x57920000)]
  0x0b40f000 JavaThread "Thread-1728" [_thread_in_native, id=17892, stack(0x57a70000,0x57ac0000)]
  0x0b40ec00 JavaThread "Thread-1727" [_thread_in_native, id=13584, stack(0x57820000,0x57870000)]
  0x0b40e400 JavaThread "Thread-1726" [_thread_in_native, id=11372, stack(0x57770000,0x577c0000)]
  0x0b40dc00 JavaThread "Thread-1725" [_thread_in_native, id=17932, stack(0x517b0000,0x51800000)]
  0x0b40d800 JavaThread "Thread-1724" [_thread_in_native, id=17884, stack(0x579c0000,0x57a10000)]
  0x0b40d000 JavaThread "Thread-1723" [_thread_in_native, id=17872, stack(0x57870000,0x578c0000)]
  0x0b40cc00 JavaThread "Thread-1722" [_thread_in_native, id=18720, stack(0x57650000,0x576a0000)]
  0x0b40c400 JavaThread "Thread-1721" [_thread_in_native, id=18736, stack(0x575f0000,0x57640000)]
  0x0b40c000 JavaThread "Thread-1720" [_thread_in_native, id=17916, stack(0x574e0000,0x57530000)]
  0x0b40b800 JavaThread "Thread-1719" [_thread_in_native, id=18460, stack(0x57060000,0x570b0000)]
  0x0b40b000 JavaThread "Thread-1718" [_thread_in_native, id=17900, stack(0x573e0000,0x57430000)]
  0x0b40ac00 JavaThread "Thread-1717" [_thread_in_native, id=17848, stack(0x57360000,0x573b0000)]
  0x0b40a400 JavaThread "Thread-1716" [_thread_in_native, id=18464, stack(0x572e0000,0x57330000)]
  0x0b40a000 JavaThread "Thread-1715" [_thread_in_native, id=17836, stack(0x57180000,0x571d0000)]
  0x0b409800 JavaThread "Thread-1714" [_thread_in_native, id=10156, stack(0x570e0000,0x57130000)]
  0x0b409400 JavaThread "Thread-1713" [_thread_blocked, id=9584, stack(0x569f0000,0x56a40000)]
  0x0b408c00 JavaThread "Thread-1712" [_thread_in_native, id=9624, stack(0x57000000,0x57050000)]
  0x0b408400 JavaThread "Thread-1711" [_thread_in_native, id=7224, stack(0x56690000,0x566e0000)]
  0x0b408000 JavaThread "Thread-1710" [_thread_in_native, id=13656, stack(0x56f50000,0x56fa0000)]
  0x0b407800 JavaThread "Thread-1709" [_thread_in_native, id=8136, stack(0x56b50000,0x56ba0000)]
  0x0b407400 JavaThread "Thread-1708" [_thread_in_native, id=17880, stack(0x56e00000,0x56e50000)]
  0x0b406c00 JavaThread "Thread-1707" [_thread_in_native, id=18456, stack(0x56ef0000,0x56f40000)]
  0x0b406800 JavaThread "Thread-1706" [_thread_in_native, id=17868, stack(0x565f0000,0x56640000)]
  0x0b406000 JavaThread "Thread-1705" [_thread_in_native, id=17816, stack(0x56bd0000,0x56c20000)]
  0x0b405800 JavaThread "Thread-1704" [_thread_in_native, id=17124, stack(0x56560000,0x565b0000)]
  0x0b405400 JavaThread "Thread-1703" [_thread_in_native, id=17856, stack(0x56060000,0x560b0000)]
  0x0b404c00 JavaThread "Thread-1702" [_thread_in_native, id=17800, stack(0x56c70000,0x56cc0000)]
  0x0b404800 JavaThread "Thread-1701" [_thread_in_native, id=17844, stack(0x55460000,0x554b0000)]
  0x0b404000 JavaThread "Thread-1700" [_thread_in_native, id=18452, stack(0x56a40000,0x56a90000)]
  0x0b403c00 JavaThread "Thread-1699" [_thread_in_native, id=17832, stack(0x56920000,0x56970000)]
  0x0b403400 JavaThread "Thread-1698" [_thread_in_native, id=17780, stack(0x567e0000,0x56830000)]
  0x0b402c00 JavaThread "Thread-1697" [_thread_in_native, id=17824, stack(0x56790000,0x567e0000)]
  0x0b402800 JavaThread "Thread-1696" [_thread_in_native, id=17812, stack(0x564e0000,0x56530000)]
  0x0b402000 JavaThread "Thread-1695" [_thread_in_native, id=17768, stack(0x56340000,0x56390000)]
  0x0b401c00 JavaThread "Thread-1694" [_thread_in_native, id=17796, stack(0x56400000,0x56450000)]
  0x0b401400 JavaThread "Thread-1693" [_thread_in_native, id=17752, stack(0x56460000,0x564b0000)]
  0x0b401000 JavaThread "Thread-1692" [_thread_in_native, id=17744, stack(0x562f0000,0x56340000)]
  0x0b400800 JavaThread "Thread-1691" [_thread_in_native, id=17788, stack(0x56210000,0x56260000)]
  0x0b400000 JavaThread "Thread-1690" [_thread_in_native, id=17732, stack(0x56010000,0x56060000)]
  0x0b3ffc00 JavaThread "Thread-1689" [_thread_in_native, id=17776, stack(0x560c0000,0x56110000)]
  0x0b3ff400 JavaThread "Thread-1688" [_thread_in_native, id=17720, stack(0x55fc0000,0x56010000)]
  0x0b3ff000 JavaThread "Thread-1687" [_thread_in_native, id=17764, stack(0x55e50000,0x55ea0000)]
  0x0b3fe800 JavaThread "Thread-1686" [_thread_in_native, id=17708, stack(0x55d40000,0x55d90000)]
  0x0b3fe400 JavaThread "Thread-1685" [_thread_in_native, id=17612, stack(0x55c70000,0x55cc0000)]
  0x0b3fdc00 JavaThread "Thread-1684" [_thread_in_native, id=18516, stack(0x55b80000,0x55bd0000)]
  0x0b3fd400 JavaThread "Thread-1683" [_thread_blocked, id=17696, stack(0x55600000,0x55650000)]
  0x0b3fd000 JavaThread "Thread-1682" [_thread_in_native, id=17592, stack(0x55bf0000,0x55c40000)]
  0x0b3fc800 JavaThread "Thread-1681" [_thread_blocked, id=17672, stack(0x55b30000,0x55b80000)]
  0x0b3fc400 JavaThread "Thread-1680" [_thread_blocked, id=17588, stack(0x555a0000,0x555f0000)]
  0x0b3fbc00 JavaThread "Thread-1679" [_thread_in_native, id=17692, stack(0x559a0000,0x559f0000)]
  0x0b3fb800 JavaThread "Thread-1678" [_thread_in_native, id=17636, stack(0x55840000,0x55890000)]
  0x0b3fb000 JavaThread "Thread-1677" [_thread_in_native, id=17664, stack(0x55760000,0x557b0000)]
  0x0b3fa800 JavaThread "Thread-1676" [_thread_in_native, id=17628, stack(0x556d0000,0x55720000)]
  0x0b3fa400 JavaThread "Thread-1675" [_thread_in_native, id=17704, stack(0x55550000,0x555a0000)]
  0x0b3f9c00 JavaThread "Thread-1674" [_thread_in_native, id=17624, stack(0x55410000,0x55460000)]
  0x0b3f9800 JavaThread "Thread-1673" [_thread_in_native, id=17660, stack(0x554b0000,0x55500000)]
  0x0b3f9000 JavaThread "Thread-1672" [_thread_in_native, id=17576, stack(0x55380000,0x553d0000)]
  0x0b3f8c00 JavaThread "Thread-1671" [_thread_in_native, id=17620, stack(0x55320000,0x55370000)]
  0x0b3f8400 JavaThread "Thread-1670" [_thread_in_native, id=17596, stack(0x55020000,0x55070000)]
  0x0b3f7c00 JavaThread "Thread-1669" [_thread_in_native, id=17608, stack(0x55220000,0x55270000)]
  0x0b3f7800 JavaThread "Thread-1668" [_thread_in_native, id=17616, stack(0x55150000,0x551a0000)]
  0x0b3f7000 JavaThread "Thread-1667" [_thread_in_native, id=17600, stack(0x551a0000,0x551f0000)]
  0x0b3f6c00 JavaThread "Thread-1666" [_thread_in_native, id=17656, stack(0x55070000,0x550c0000)]
  0x0b3f6400 JavaThread "Thread-1665" [_thread_in_native, id=17604, stack(0x54e60000,0x54eb0000)]
  0x0b3f6000 JavaThread "Thread-1664" [_thread_in_native, id=17580, stack(0x54bb0000,0x54c00000)]
  0x0b3f5800 JavaThread "Thread-1663" [_thread_in_native, id=18440, stack(0x54d70000,0x54dc0000)]
  0x0b3f5000 JavaThread "Thread-1662" [_thread_in_native, id=18436, stack(0x54c10000,0x54c60000)]
  0x3e866800 JavaThread "Thread-1661" [_thread_in_native, id=17648, stack(0x54aa0000,0x54af0000)]
  0x3e866400 JavaThread "Thread-1660" [_thread_in_native, id=17640, stack(0x54930000,0x54980000)]
  0x3e865c00 JavaThread "Thread-1659" [_thread_in_native, id=17644, stack(0x54140000,0x54190000)]
  0x3e865400 JavaThread "Thread-1658" [_thread_in_native, id=17684, stack(0x54a00000,0x54a50000)]
  0x3e865000 JavaThread "Thread-1657" [_thread_in_native, id=17676, stack(0x54af0000,0x54b40000)]
  0x3e864800 JavaThread "Thread-1656" [_thread_in_native, id=17680, stack(0x53ee0000,0x53f30000)]
  0x3e864400 JavaThread "Thread-1655" [_thread_in_native, id=17668, stack(0x54860000,0x548b0000)]
  0x3e863c00 JavaThread "Thread-1654" [_thread_in_native, id=17632, stack(0x547f0000,0x54840000)]
  0x3e863800 JavaThread "Thread-1653" [_thread_blocked, id=17584, stack(0x54740000,0x54790000)]
  0x3e863000 JavaThread "Thread-1652" [_thread_in_native, id=17652, stack(0x54350000,0x543a0000)]
  0x3e862800 JavaThread "Thread-1651" [_thread_in_native, id=17568, stack(0x54500000,0x54550000)]
  0x3e862400 JavaThread "Thread-1650" [_thread_in_native, id=13860, stack(0x544b0000,0x54500000)]
  0x3e861c00 JavaThread "Thread-1649" [_thread_in_native, id=17572, stack(0x54550000,0x545a0000)]
  0x3e861800 JavaThread "Thread-1648" [_thread_in_native, id=17560, stack(0x539e0000,0x53a30000)]
  0x3e861000 JavaThread "Thread-1647" [_thread_in_native, id=17564, stack(0x538e0000,0x53930000)]
  0x3e860c00 JavaThread "Thread-1646" [_thread_in_native, id=17760, stack(0x542c0000,0x54310000)]
  0x3e860400 JavaThread "Thread-1645" [_thread_blocked, id=17688, stack(0x54190000,0x541e0000)]
  0x3e85fc00 JavaThread "Thread-1644" [_thread_in_native, id=17508, stack(0x53dc0000,0x53e10000)]
  0x3e85f800 JavaThread "Thread-1643" [_thread_in_native, id=18420, stack(0x540b0000,0x54100000)]
  0x3e85f000 JavaThread "Thread-1642" [_thread_in_native, id=17532, stack(0x53e70000,0x53ec0000)]
  0x3e85ec00 JavaThread "Thread-1641" [_thread_blocked, id=17520, stack(0x53980000,0x539d0000)]
  0x3e85e400 JavaThread "Thread-1640" [_thread_in_native, id=17424, stack(0x53cc0000,0x53d10000)]
  0x3e85e000 JavaThread "Thread-1639" [_thread_in_native, id=17536, stack(0x53e20000,0x53e70000)]
  0x3e85d800 JavaThread "Thread-1638" [_thread_in_native, id=17524, stack(0x537e0000,0x53830000)]
  0x3e85d000 JavaThread "Thread-1637" [_thread_blocked, id=17540, stack(0x53d30000,0x53d80000)]
  0x3e85cc00 JavaThread "Thread-1636" [_thread_in_native, id=17544, stack(0x53890000,0x538e0000)]
  0x3e85c400 JavaThread "Thread-1635" [_thread_in_native, id=17464, stack(0x53c40000,0x53c90000)]
  0x3e85c000 JavaThread "Thread-1634" [_thread_in_native, id=17516, stack(0x53530000,0x53580000)]
  0x3e85b800 JavaThread "Thread-1633" [_thread_blocked, id=17420, stack(0x53930000,0x53980000)]
  0x3e85b400 JavaThread "Thread-1632" [_thread_in_native, id=17512, stack(0x53670000,0x536c0000)]
  0x3e85ac00 JavaThread "Thread-1631" [_thread_in_native, id=17388, stack(0x53830000,0x53880000)]
  0x3e85a400 JavaThread "Thread-1630" [_thread_in_native, id=17324, stack(0x53430000,0x53480000)]
  0x3e85a000 JavaThread "Thread-1629" [_thread_in_native, id=17496, stack(0x533e0000,0x53430000)]
  0x3e859800 JavaThread "Thread-1628" [_thread_in_native, id=17456, stack(0x52f20000,0x52f70000)]
  0x3e859400 JavaThread "Thread-1627" [_thread_in_native, id=18412, stack(0x534e0000,0x53530000)]
  0x3e858c00 JavaThread "Thread-1626" [_thread_in_native, id=17432, stack(0x531f0000,0x53240000)]
  0x3e858800 JavaThread "Thread-1625" [_thread_in_native, id=17472, stack(0x532e0000,0x53330000)]
  0x3e858000 JavaThread "Thread-1624" [_thread_in_native, id=18428, stack(0x53480000,0x534d0000)]
  0x3e857800 JavaThread "Thread-1623" [_thread_in_native, id=17416, stack(0x53620000,0x53670000)]
  0x3e857400 JavaThread "Thread-1622" [_thread_in_native, id=18396, stack(0x53080000,0x530d0000)]
  0x3e856c00 JavaThread "Thread-1621" [_thread_in_native, id=17452, stack(0x52cf0000,0x52d40000)]
  0x3e856800 JavaThread "Thread-1620" [_thread_in_native, id=17448, stack(0x53290000,0x532e0000)]
  0x3e856000 JavaThread "Thread-1619" [_thread_in_native, id=17428, stack(0x53010000,0x53060000)]
  0x3e855c00 JavaThread "Thread-1618" [_thread_in_native, id=18424, stack(0x52f80000,0x52fd0000)]
  0x3e855400 JavaThread "Thread-1617" [_thread_blocked, id=17412, stack(0x536c0000,0x53710000)]
  0x3e854c00 JavaThread "Thread-1616" [_thread_in_native, id=17480, stack(0x526b0000,0x52700000)]
  0x3e854800 JavaThread "Thread-1615" [_thread_in_native, id=17504, stack(0x52900000,0x52950000)]
  0x3e854000 JavaThread "Thread-1614" [_thread_in_native, id=17484, stack(0x52c30000,0x52c80000)]
  0x3e853c00 JavaThread "Thread-1613" [_thread_in_native, id=17492, stack(0x52ca0000,0x52cf0000)]
  0x3e853400 JavaThread "Thread-1612" [_thread_in_native, id=17500, stack(0x52b90000,0x52be0000)]
  0x3e853000 JavaThread "Thread-1611" [_thread_in_native, id=18416, stack(0x52750000,0x527a0000)]
  0x3e852800 JavaThread "Thread-1610" [_thread_in_native, id=17404, stack(0x52400000,0x52450000)]
  0x3e852000 JavaThread "Thread-1609" [_thread_in_native, id=17348, stack(0x52b10000,0x52b60000)]
  0x3e851c00 JavaThread "Thread-1608" [_thread_in_native, id=17396, stack(0x52ac0000,0x52b10000)]
  0x3e851400 JavaThread "Thread-1607" [_thread_in_native, id=17476, stack(0x52330000,0x52380000)]
  0x3e851000 JavaThread "Thread-1606" [_thread_in_native, id=17400, stack(0x52860000,0x528b0000)]
  0x3e850800 JavaThread "Thread-1605" [_thread_in_native, id=17488, stack(0x527c0000,0x52810000)]
  0x3e850400 JavaThread "Thread-1604" [_thread_in_native, id=17468, stack(0x51a80000,0x51ad0000)]
  0x3e84fc00 JavaThread "Thread-1603" [_thread_in_native, id=18404, stack(0x52700000,0x52750000)]
  0x3e84f800 JavaThread "Thread-1602" [_thread_in_native, id=17300, stack(0x529f0000,0x52a40000)]
  0x3e84f000 JavaThread "Thread-1601" [_thread_in_native, id=17352, stack(0x50f10000,0x50f60000)]
  0x3e84e800 JavaThread "Thread-1600" [_thread_in_native, id=17460, stack(0x52280000,0x522d0000)]
  0x3e84e400 JavaThread "Thread-1599" [_thread_in_native, id=17440, stack(0x52590000,0x525e0000)]
  0x3e84dc00 JavaThread "Thread-1598" [_thread_in_native, id=17312, stack(0x52390000,0x523e0000)]
  0x3e84d800 JavaThread "Thread-1597" [_thread_in_native, id=17328, stack(0x52100000,0x52150000)]
  0x3e84d000 JavaThread "Thread-1596" [_thread_in_native, id=17296, stack(0x52160000,0x521b0000)]
  0x3e84cc00 JavaThread "Thread-1595" [_thread_in_native, id=17344, stack(0x51ff0000,0x52040000)]
  0x3e84c400 JavaThread "Thread-1594" [_thread_in_native, id=17384, stack(0x520a0000,0x520f0000)]
  0x3e84bc00 JavaThread "Thread-1593" [_thread_in_native, id=17444, stack(0x519c0000,0x51a10000)]
  0x3e84b800 JavaThread "Thread-1592" [_thread_in_native, id=17316, stack(0x51da0000,0x51df0000)]
  0x3e84b000 JavaThread "Thread-1591" [_thread_in_native, id=17308, stack(0x51ea0000,0x51ef0000)]
  0x3e84ac00 JavaThread "Thread-1590" [_thread_in_native, id=17356, stack(0x51ad0000,0x51b20000)]
  0x3e84a400 JavaThread "Thread-1589" [_thread_in_native, id=17340, stack(0x51df0000,0x51e40000)]
  0x3e84a000 JavaThread "Thread-1588" [_thread_in_native, id=17232, stack(0x51b30000,0x51b80000)]
  0x3e849800 JavaThread "Thread-1587" [_thread_in_native, id=17280, stack(0x51c70000,0x51cc0000)]
  0x3e849000 JavaThread "Thread-1586" [_thread_in_native, id=17336, stack(0x51cf0000,0x51d40000)]
  0x3e848c00 JavaThread "Thread-1585" [_thread_in_native, id=17364, stack(0x51840000,0x51890000)]
  0x3e848400 JavaThread "Thread-1584" [_thread_in_native, id=17264, stack(0x516e0000,0x51730000)]
  0x3e848000 JavaThread "Thread-1583" [_thread_in_native, id=17368, stack(0x51740000,0x51790000)]
  0x3e847800 JavaThread "Thread-1582" [_thread_in_native, id=17244, stack(0x51690000,0x516e0000)]
  0x3e847400 JavaThread "Thread-1581" [_thread_in_native, id=17436, stack(0x51540000,0x51590000)]
  0x0b610800 JavaThread "Thread-1580" [_thread_in_native, id=17276, stack(0x512e0000,0x51330000)]
  0x0b610000 JavaThread "Thread-1579" [_thread_in_native, id=17392, stack(0x51160000,0x511b0000)]
  0x0b60fc00 JavaThread "Thread-1578" [_thread_in_native, id=17292, stack(0x51450000,0x514a0000)]
  0x0b60f400 JavaThread "Thread-1577" [_thread_in_native, id=17380, stack(0x50e60000,0x50eb0000)]
  0x0b60f000 JavaThread "Thread-1576" [_thread_in_native, id=17376, stack(0x51010000,0x51060000)]
  0x0b60e800 JavaThread "Thread-1575" [_thread_in_native, id=17304, stack(0x511c0000,0x51210000)]
  0x0b60e400 JavaThread "Thread-1574" [_thread_in_native, id=17360, stack(0x51110000,0x51160000)]
  0x0b60dc00 JavaThread "Thread-1573" [_thread_in_native, id=17332, stack(0x50f70000,0x50fc0000)]
  0x0b60d400 JavaThread "Thread-1572" [_thread_in_native, id=17252, stack(0x50090000,0x500e0000)]
  0x0b60d000 JavaThread "Thread-1571" [_thread_in_native, id=17372, stack(0x50fc0000,0x51010000)]
  0x0b60c800 JavaThread "Thread-1570" [_thread_in_native, id=7772, stack(0x50eb0000,0x50f00000)]
  0x0b60c400 JavaThread "Thread-1569" [_thread_in_native, id=17256, stack(0x50910000,0x50960000)]
  0x0b60bc00 JavaThread "Thread-1568" [_thread_in_native, id=18408, stack(0x50da0000,0x50df0000)]
  0x0b60b800 JavaThread "Thread-1567" [_thread_in_native, id=17260, stack(0x50170000,0x501c0000)]
  0x0b60b000 JavaThread "Thread-1566" [_thread_in_native, id=17248, stack(0x50710000,0x50760000)]
  0x0b60a800 JavaThread "Thread-1565" [_thread_in_native, id=17288, stack(0x504f0000,0x50540000)]
  0x0b60a400 JavaThread "Thread-1564" [_thread_in_native, id=17284, stack(0x50bf0000,0x50c40000)]
  0x0b609c00 JavaThread "Thread-1563" [_thread_in_native, id=17320, stack(0x507b0000,0x50800000)]
  0x0b609800 JavaThread "Thread-1562" [_thread_in_native, id=18400, stack(0x50cb0000,0x50d00000)]
  0x0b609000 JavaThread "Thread-1561" [_thread_in_native, id=17204, stack(0x50c60000,0x50cb0000)]
  0x0b608c00 JavaThread "Thread-1560" [_thread_in_native, id=17268, stack(0x509c0000,0x50a10000)]
  0x0b608400 JavaThread "Thread-1559" [_thread_in_native, id=17228, stack(0x50b70000,0x50bc0000)]
  0x0b607c00 JavaThread "Thread-1558" [_thread_in_native, id=17212, stack(0x50ac0000,0x50b10000)]
  0x0b607800 JavaThread "Thread-1557" [_thread_in_native, id=17216, stack(0x50a70000,0x50ac0000)]
  0x0b607000 JavaThread "Thread-1556" [_thread_in_native, id=17208, stack(0x50850000,0x508a0000)]
  0x0b606c00 JavaThread "Thread-1555" [_thread_in_native, id=17272, stack(0x50650000,0x506a0000)]
  0x0b606400 JavaThread "Thread-1554" [_thread_in_native, id=17220, stack(0x50330000,0x50380000)]
  0x0b606000 JavaThread "Thread-1553" [_thread_in_native, id=17240, stack(0x505b0000,0x50600000)]
  0x0b605800 JavaThread "Thread-1552" [_thread_in_native, id=18376, stack(0x4fa30000,0x4fa80000)]
  0x0b605000 JavaThread "Thread-1551" [_thread_in_native, id=17224, stack(0x4fd50000,0x4fda0000)]
  0x0b604c00 JavaThread "Thread-1550" [_thread_in_native, id=17740, stack(0x502e0000,0x50330000)]
  0x0b604400 JavaThread "Thread-1549" [_thread_in_native, id=17528, stack(0x501f0000,0x50240000)]
  0x0b604000 JavaThread "Thread-1548" [_thread_in_native, id=17048, stack(0x4fe40000,0x4fe90000)]
  0x0b603800 JavaThread "Thread-1547" [_thread_in_native, id=17728, stack(0x4ffe0000,0x50030000)]
  0x0b603400 JavaThread "Thread-1546" [_thread_in_native, id=17184, stack(0x4ff50000,0x4ffa0000)]
  0x0b602c00 JavaThread "Thread-1545" [_thread_in_native, id=17716, stack(0x4fcd0000,0x4fd20000)]
  0x0b602400 JavaThread "Thread-1544" [_thread_in_native, id=17552, stack(0x4fea0000,0x4fef0000)]
  0x0b602000 JavaThread "Thread-1543" [_thread_in_native, id=17172